-------------------------------------------------------------------------------
Test set: starter.CucumberTestSuite
-------------------------------------------------------------------------------
Tests run: 51, Failures: 1, Errors: 0, Skipped: 0, Time elapsed: 38.704 s <<< FAILURE! - in starter.CucumberTestSuite
Cart.[Negative] - CART_GET user cart with invalid data  Time elapsed: 0.685 s  <<< FAILURE!
java.lang.AssertionError: 
1 expectation failed.
JSON path status doesn't match.
Expected: error
  Actual: <[null]>


