<?xml version="1.0" encoding="UTF-8"?>
<testsuite xmlns:xsi="http://www.w3.org/2001/XMLSchema-instance" xsi:noNamespaceSchemaLocation="https://maven.apache.org/surefire/maven-failsafe-plugin/xsd/failsafe-test-report-3.0.xsd" version="3.0" name="starter.CucumberTestSuite" time="38.704" tests="51" errors="0" skipped="0" failures="1">
  <properties>
[...]
</properties>
  <testcase name="[Positive] - CART_ GET all detail data cart with valid endpoints" classname="Cart" time="3.623">
    <system-out><![CDATA[14:52:35.885 [main] DEBUG net.thucydides.core.guice.Injectors -- Created injector for module net.thucydides.core.guice.ThucydidesModule
14:52:36.107 [main] INFO io.cucumber.core.plugin.SerenityReporter -- Running feature from file:///D:/SEMESTER%205/All%20Section/Section%203%20-%20Code%20Competence/Code%20Competence%20KM%20QA%202/Weekly2/src/test/resources/Cart.feature
14:52:36.108 [main] WARN io.cucumber.core.plugin.SerenityReporter -- Feature from file:///D:/SEMESTER%205/All%20Section/Section%203%20-%20Code%20Competence/Code%20Competence%20KM%20QA%202/Weekly2/src/test/resources/Cart.feature is not under the 'features' directory. Requirements report will not be correctly generated!
14:52:36.242 [main] DEBUG net.thucydides.core.guice.Injectors -- Created injector for module net.thucydides.core.guice.webdriver.WebDriverModule
14:52:36.262 [main] INFO  -- 

-------------------------------------------------------------------------------------
     _______. _______ .______       _______ .__   __.  __  .___________.____    ____ 
    /       ||   ____||   _  \     |   ____||  \ |  | |  | |           |\   \  /   / 
   |   (----`|  |__   |  |_)  |    |  |__   |   \|  | |  | `---|  |----` \   \/   /  
    \   \    |   __|  |      /     |   __|  |  . `  | |  |     |  |       \_    _/   
.----)   |   |  |____ |  |\  \----.|  |____ |  |\   | |  |     |  |         |  |     
|_______/    |_______|| _| `._____||_______||__| \__| |__|     |__|         |__|    
                                                                                     
 News and tutorials at http://www.serenity-bdd.info                                  
 Documentation at https://wakaleo.gitbooks.io/the-serenity-book/content/             
 Join the Serenity Community on Gitter: https://gitter.im/serenity-bdd/serenity-core 
 Serenity BDD Support and Training at http://serenity-bdd.info/#/trainingandsupport  
-------------------------------------------------------------------------------------

14:52:36.264 [main] DEBUG net.thucydides.core.steps.StepEventBus -- Test suite started for story net.thucydides.core.model.Story@8dc9a9b6
14:52:36.268 [main] INFO  -- Test Suite Started: Cart
14:52:36.288 [main] INFO io.cucumber.core.plugin.SerenityReporter -- Running feature from file:///D:/SEMESTER%205/All%20Section/Section%203%20-%20Code%20Competence/Code%20Competence%20KM%20QA%202/Weekly2/src/test/resources/Login.feature
14:52:36.288 [main] WARN io.cucumber.core.plugin.SerenityReporter -- Feature from file:///D:/SEMESTER%205/All%20Section/Section%203%20-%20Code%20Competence/Code%20Competence%20KM%20QA%202/Weekly2/src/test/resources/Login.feature is not under the 'features' directory. Requirements report will not be correctly generated!
14:52:36.291 [main] DEBUG net.thucydides.core.steps.StepEventBus -- Test suite started for story net.thucydides.core.model.Story@b7657a3a
14:52:36.291 [main] INFO  -- Test Suite Started: Login
14:52:36.291 [main] INFO io.cucumber.core.plugin.SerenityReporter -- Running feature from file:///D:/SEMESTER%205/All%20Section/Section%203%20-%20Code%20Competence/Code%20Competence%20KM%20QA%202/Weekly2/src/test/resources/Product.feature
14:52:36.291 [main] WARN io.cucumber.core.plugin.SerenityReporter -- Feature from file:///D:/SEMESTER%205/All%20Section/Section%203%20-%20Code%20Competence/Code%20Competence%20KM%20QA%202/Weekly2/src/test/resources/Product.feature is not under the 'features' directory. Requirements report will not be correctly generated!
14:52:36.295 [main] DEBUG net.thucydides.core.steps.StepEventBus -- Test suite started for story net.thucydides.core.model.Story@77d3c87a
14:52:36.296 [main] INFO  -- Test Suite Started: Product
14:52:36.296 [main] INFO io.cucumber.core.plugin.SerenityReporter -- Running feature from file:///D:/SEMESTER%205/All%20Section/Section%203%20-%20Code%20Competence/Code%20Competence%20KM%20QA%202/Weekly2/src/test/resources/User.feature
14:52:36.296 [main] WARN io.cucumber.core.plugin.SerenityReporter -- Feature from file:///D:/SEMESTER%205/All%20Section/Section%203%20-%20Code%20Competence/Code%20Competence%20KM%20QA%202/Weekly2/src/test/resources/User.feature is not under the 'features' directory. Requirements report will not be correctly generated!
14:52:36.301 [main] DEBUG net.thucydides.core.steps.StepEventBus -- Test suite started for story net.thucydides.core.model.Story@11de416
14:52:36.301 [main] INFO  -- Test Suite Started: User
14:52:36.302 [main] INFO io.cucumber.core.plugin.SerenityReporter -- Running feature from file:///D:/SEMESTER%205/All%20Section/Section%203%20-%20Code%20Competence/Code%20Competence%20KM%20QA%202/Weekly2/src/test/resources/Cart.feature
14:52:36.302 [main] WARN io.cucumber.core.plugin.SerenityReporter -- Feature from file:///D:/SEMESTER%205/All%20Section/Section%203%20-%20Code%20Competence/Code%20Competence%20KM%20QA%202/Weekly2/src/test/resources/Cart.feature is not under the 'features' directory. Requirements report will not be correctly generated!
14:52:36.304 [main] DEBUG net.thucydides.core.steps.StepEventBus -- Test suite started for story net.thucydides.core.model.Story@8dc9a9b6
14:52:36.304 [main] INFO  -- Test Suite Started: Cart

Scenario: [Positive] - CART_ GET all detail data cart with valid endpoints &amp#27;[90m# src/test/resources/Cart.feature:3&amp#27;[0m
14:52:36.391 [main] INFO io.cucumber.core.plugin.SerenityReporter -- Running feature from file:///D:/SEMESTER%205/All%20Section/Section%203%20-%20Code%20Competence/Code%20Competence%20KM%20QA%202/Weekly2/src/test/resources/Cart.feature
14:52:36.391 [main] WARN io.cucumber.core.plugin.SerenityReporter -- Feature from file:///D:/SEMESTER%205/All%20Section/Section%203%20-%20Code%20Competence/Code%20Competence%20KM%20QA%202/Weekly2/src/test/resources/Cart.feature is not under the 'features' directory. Requirements report will not be correctly generated!
14:52:36.487 [main] INFO  -- 
  _____   ___   ___   _____     ___   _____     _     ___   _____   ___   ___  
 |_   _| | __| / __| |_   _|   / __| |_   _|   /_\   | _ \ |_   _| | __| |   \ 
   | |   | _|  \__ \   | |     \__ \   | |    / _ \  |   /   | |   | _|  | |) |
   |_|   |___| |___/   |_|     |___/   |_|   /_/ \_\ |_|_\   |_|   |___| |___/ 

[Positive] - CART_ GET all detail data cart with valid endpoints(cart;[positive]---cart--get-all-detail-data-cart-with-valid-endpoints)
--------------------------------------------------------------------------------
14:52:36.866 [main] DEBUG net.thucydides.core.steps.StepInterceptor -- STARTING STEP: CartSteps.getAPIAllCartValidEndpoint - I GET API all cart with valid endpoints
14:52:36.869 [main] DEBUG net.thucydides.core.steps.StepInterceptor -- STEP DONE: I GET API all cart with valid endpoints
  &amp#27;[32mGiven &amp#27;[0m&amp#27;[32mI GET API all cart with valid endpoints&amp#27;[0m                            &amp#27;[90m# starter.stepdefinition.CartSteps.getAPIAllCartValidEndpoint()&amp#27;[0m
14:52:36.880 [main] DEBUG net.thucydides.core.steps.StepInterceptor -- STARTING STEP: CartSteps.getRequestAllCartWithValidEndpoint - I GET HTTP request all cart data with valid endpoints
14:52:38.156 [main] DEBUG net.thucydides.core.steps.StepInterceptor -- STARTING STEP: Cart.getRequestAllCartWithValidEndpoint - I GET API all cart with valid endpoints
14:52:38.156 [main] DEBUG net.thucydides.core.steps.StepInterceptor -- STEP DONE: I GET API all cart with valid endpoints
14:52:38.707 [main] DEBUG org.apache.http.impl.conn.BasicClientConnectionManager -- Get connection for route {s}->https://fakestoreapi.com:443
14:52:38.750 [main] DEBUG org.apache.http.impl.conn.DefaultClientConnectionOperator -- Connecting to fakestoreapi.com:443
14:52:38.972 [main] DEBUG org.apache.http.client.protocol.RequestAddCookies -- CookieSpec selected: ignoreCookies
14:52:38.974 [main] DEBUG org.apache.http.client.protocol.RequestAuthCache -- Auth cache not set in the context
14:52:38.974 [main] DEBUG org.apache.http.client.protocol.RequestTargetAuthentication -- Target auth state: UNCHALLENGED
14:52:38.974 [main] DEBUG org.apache.http.client.protocol.RequestProxyAuthentication -- Proxy auth state: UNCHALLENGED
14:52:38.974 [main] DEBUG org.apache.http.impl.client.DefaultHttpClient -- Attempt 1 to execute request
14:52:38.974 [main] DEBUG org.apache.http.impl.conn.DefaultClientConnection -- Sending request: GET /carts HTTP/1.1
14:52:38.974 [main] DEBUG org.apache.http.wire --  >> "GET /carts HTTP/1.1[\r][\n]"
14:52:38.975 [main] DEBUG org.apache.http.wire --  >> "Accept: */*[\r][\n]"
14:52:38.975 [main] DEBUG org.apache.http.wire --  >> "Host: fakestoreapi.com[\r][\n]"
14:52:38.975 [main] DEBUG org.apache.http.wire --  >> "Connection: Keep-Alive[\r][\n]"
14:52:38.975 [main] DEBUG org.apache.http.wire --  >> "User-Agent: Apache-HttpClient/4.5.13 (Java/17.0.8)[\r][\n]"
14:52:38.975 [main] DEBUG org.apache.http.wire --  >> "Accept-Encoding: gzip,deflate[\r][\n]"
14:52:38.975 [main] DEBUG org.apache.http.wire --  >> "[\r][\n]"
14:52:38.975 [main] DEBUG org.apache.http.headers -- >> GET /carts HTTP/1.1
14:52:38.975 [main] DEBUG org.apache.http.headers -- >> Accept: */*
14:52:38.975 [main] DEBUG org.apache.http.headers -- >> Host: fakestoreapi.com
14:52:38.975 [main] DEBUG org.apache.http.headers -- >> Connection: Keep-Alive
14:52:38.975 [main] DEBUG org.apache.http.headers -- >> User-Agent: Apache-HttpClient/4.5.13 (Java/17.0.8)
14:52:38.975 [main] DEBUG org.apache.http.headers -- >> Accept-Encoding: gzip,deflate
14:52:39.839 [main] DEBUG org.apache.http.wire --  << "HTTP/1.1 200 OK[\r][\n]"
14:52:39.840 [main] DEBUG org.apache.http.wire --  << "Date: Fri, 06 Oct 2023 07:52:40 GMT[\r][\n]"
14:52:39.840 [main] DEBUG org.apache.http.wire --  << "Content-Type: application/json; charset=utf-8[\r][\n]"
14:52:39.840 [main] DEBUG org.apache.http.wire --  << "Transfer-Encoding: chunked[\r][\n]"
14:52:39.840 [main] DEBUG org.apache.http.wire --  << "Connection: keep-alive[\r][\n]"
14:52:39.840 [main] DEBUG org.apache.http.wire --  << "Access-Control-Allow-Origin: *[\r][\n]"
14:52:39.840 [main] DEBUG org.apache.http.wire --  << "Etag: W/"3a8-j3C8983spvK8GpaSYa+SyYlAS2A"[\r][\n]"
14:52:39.840 [main] DEBUG org.apache.http.wire --  << "X-Powered-By: Express[\r][\n]"
14:52:39.840 [main] DEBUG org.apache.http.wire --  << "CF-Cache-Status: DYNAMIC[\r][\n]"
14:52:39.840 [main] DEBUG org.apache.http.wire --  << "Report-To: {"endpoints":[{"url":"https:\/\/a.nel.cloudflare.com\/report\/v3?s=kYp%2FbkBWCynSAE3Hf9e5PP5uHdskguh2%2Fi3bBXxT%2F0Ok1n9N%2B3u0emKNynaUCter4JrhVYjj7d9%2F2OCCN%2FZ7mFwzfWqJ0wCYg3Ruejzn2MiwRBjOsrmLuzlpxdHjF%2BmttP2p"}],"group":"cf-nel","max_age":604800}[\r][\n]"
14:52:39.840 [main] DEBUG org.apache.http.wire --  << "NEL: {"success_fraction":0,"report_to":"cf-nel","max_age":604800}[\r][\n]"
14:52:39.840 [main] DEBUG org.apache.http.wire --  << "Server: cloudflare[\r][\n]"
14:52:39.840 [main] DEBUG org.apache.http.wire --  << "CF-RAY: 811c53824b7840a9-SIN[\r][\n]"
14:52:39.840 [main] DEBUG org.apache.http.wire --  << "Content-Encoding: gzip[\r][\n]"
14:52:39.840 [main] DEBUG org.apache.http.wire --  << "alt-svc: h3=":443"; ma=86400[\r][\n]"
14:52:39.840 [main] DEBUG org.apache.http.wire --  << "[\r][\n]"
14:52:39.841 [main] DEBUG org.apache.http.impl.conn.DefaultClientConnection -- Receiving response: HTTP/1.1 200 OK
14:52:39.841 [main] DEBUG org.apache.http.headers -- << HTTP/1.1 200 OK
14:52:39.841 [main] DEBUG org.apache.http.headers -- << Date: Fri, 06 Oct 2023 07:52:40 GMT
14:52:39.841 [main] DEBUG org.apache.http.headers -- << Content-Type: application/json; charset=utf-8
14:52:39.841 [main] DEBUG org.apache.http.headers -- << Transfer-Encoding: chunked
14:52:39.841 [main] DEBUG org.apache.http.headers -- << Connection: keep-alive
14:52:39.841 [main] DEBUG org.apache.http.headers -- << Access-Control-Allow-Origin: *
14:52:39.841 [main] DEBUG org.apache.http.headers -- << Etag: W/"3a8-j3C8983spvK8GpaSYa+SyYlAS2A"
14:52:39.841 [main] DEBUG org.apache.http.headers -- << X-Powered-By: Express
14:52:39.841 [main] DEBUG org.apache.http.headers -- << CF-Cache-Status: DYNAMIC
14:52:39.841 [main] DEBUG org.apache.http.headers -- << Report-To: {"endpoints":[{"url":"https:\/\/a.nel.cloudflare.com\/report\/v3?s=kYp%2FbkBWCynSAE3Hf9e5PP5uHdskguh2%2Fi3bBXxT%2F0Ok1n9N%2B3u0emKNynaUCter4JrhVYjj7d9%2F2OCCN%2FZ7mFwzfWqJ0wCYg3Ruejzn2MiwRBjOsrmLuzlpxdHjF%2BmttP2p"}],"group":"cf-nel","max_age":604800}
14:52:39.841 [main] DEBUG org.apache.http.headers -- << NEL: {"success_fraction":0,"report_to":"cf-nel","max_age":604800}
14:52:39.841 [main] DEBUG org.apache.http.headers -- << Server: cloudflare
14:52:39.841 [main] DEBUG org.apache.http.headers -- << CF-RAY: 811c53824b7840a9-SIN
14:52:39.841 [main] DEBUG org.apache.http.headers -- << Content-Encoding: gzip
14:52:39.841 [main] DEBUG org.apache.http.headers -- << alt-svc: h3=":443"; ma=86400
14:52:39.844 [main] DEBUG org.apache.http.impl.client.DefaultHttpClient -- Connection can be kept alive indefinitely
14:52:39.852 [main] DEBUG io.restassured.internal.RestAssuredHttpBuilder -- Parsing response as: application/json; charset=utf-8
14:52:39.852 [main] DEBUG org.apache.http.wire --  << "da[\r][\n]"
14:52:39.852 [main] DEBUG org.apache.http.wire --  << "[0x1f][0x8b][0x8][0x0][0x0][0x0][0x0][0x0][0x0][0x3][0xa4][0x92][0xcb][\n]"
14:52:39.852 [main] DEBUG org.apache.http.wire --  << "[0x83]0[0x10]E[0xff]e[0xd6][0xb1]L&[0xbe][0x9a]?[0xe8][0xbe][0xab][0x8a][0x88]T[0x17]n[0xfa][0xd0]X([0xe2][0xbf][0x97][0xd6][0x96][0x98][0x4]-*d[0x91]p3[0xcc][0xb9]w&[0xe9][0xa0]*@r[0x6]mS[0xd6][0x87][0xe1]Z[0xe4][0xaa][0x4][0x9][0x84][0x84][0x1e][\n]"
14:52:39.852 [main] DEBUG org.apache.http.wire --  << "[0xf][0xe9][0x88](?g[0x87][0x88]'`p[0xab][0xaf]E{V[\r][0xc8][0xa4][0xfb]=[0xbe][0xc5][0xf7]6[0xbf][0xa8]J=A[0xfa]=3D[0x1a][0x8b][0xdc][0x12][0xc5]X[0xc][0xfb][0x94]A[0x96]=@[0xe2][0xfb][5[0x14]O[0x11][0xf2]%[0x84]4Gh[0xe0]s[0xb4][0xd4]`[0xac][0x92][0x8b](4"[0xb9]![0xf2]u![0x92][0x5][0xb1]7Ct |[\r]![0xdc][0x9c][0xf8][0xda]I:}[0x82][0xe9]>[0x8b][0xcc]FsK[0x11][0xff]1[0x1b]j[0x8]S[0xe2]8[0x17]97vF[0xb8][0x18][0x91][0xc6][0x88]7aL[0xfa]M_[0x0][0x0][0x0][0xff][0xff][0x3][0x0][0xa4]c}[0x94][0xa8][0x3][0x0][0x0]"
14:52:39.852 [main] DEBUG org.apache.http.wire --  << "[\r][\n]"
14:52:39.853 [main] DEBUG org.apache.http.wire --  << "0[\r][\n]"
14:52:39.853 [main] DEBUG org.apache.http.wire --  << "[\r][\n]"
14:52:39.853 [main] DEBUG io.restassured.internal.RestAssuredHttpBuilder -- Parsed data to instance of: class org.apache.http.conn.EofSensorInputStream
14:52:39.889 [main] DEBUG org.apache.http.impl.conn.BasicClientConnectionManager -- Releasing connection org.apache.http.impl.conn.ManagedClientConnectionImpl@c2e33
14:52:39.889 [main] DEBUG org.apache.http.impl.conn.BasicClientConnectionManager -- Connection can be kept alive indefinitely
14:52:39.906 [main] DEBUG net.thucydides.core.steps.StepInterceptor -- STEP DONE: I GET HTTP request all cart data with valid endpoints
  &amp#27;[32mWhen &amp#27;[0m&amp#27;[32mI GET HTTP request all cart data with valid endpoints&amp#27;[0m               &amp#27;[90m# starter.stepdefinition.CartSteps.getRequestAllCartWithValidEndpoint()&amp#27;[0m
14:52:39.909 [main] DEBUG net.thucydides.core.steps.StepInterceptor -- STARTING STEP: CartSteps.eceiveValidGETAllCartResponseCode200 - I receive valid GET all cart response code 200
14:52:39.924 [main] DEBUG net.thucydides.core.steps.StepInterceptor -- STEP DONE: I receive valid GET all cart response code 200
  &amp#27;[32mThen &amp#27;[0m&amp#27;[32mI receive valid GET all cart response code 200&amp#27;[0m                      &amp#27;[90m# starter.stepdefinition.CartSteps.eceiveValidGETAllCartResponseCode200()&amp#27;[0m
14:52:39.927 [main] INFO  -- 
  _____   ___   ___   _____     ___     _     ___   ___   ___   ___  
 |_   _| | __| / __| |_   _|   | _ \   /_\   / __| / __| | __| |   \ 
   | |   | _|  \__ \   | |     |  _/  / _ \  \__ \ \__ \ | _|  | |) |
   |_|   |___| |___/   |_|     |_|   /_/ \_\ |___/ |___/ |___| |___/ 

[Positive] - CART_ GET all detail data cart with valid endpoints
----------------------------------------------------------------------
]]></system-out>
  </testcase>
  <testcase name="[Negative] - CART_GET all detail data cart with invalid endpoints" classname="Cart" time="0.868">
    <system-out><![CDATA[
Scenario: [Negative] - CART_GET all detail data cart with invalid endpoints &amp#27;[90m# src/test/resources/Cart.feature:8&amp#27;[0m
14:52:39.941 [main] INFO io.cucumber.core.plugin.SerenityReporter -- Running feature from file:///D:/SEMESTER%205/All%20Section/Section%203%20-%20Code%20Competence/Code%20Competence%20KM%20QA%202/Weekly2/src/test/resources/Cart.feature
14:52:39.941 [main] WARN io.cucumber.core.plugin.SerenityReporter -- Feature from file:///D:/SEMESTER%205/All%20Section/Section%203%20-%20Code%20Competence/Code%20Competence%20KM%20QA%202/Weekly2/src/test/resources/Cart.feature is not under the 'features' directory. Requirements report will not be correctly generated!
14:52:39.943 [main] INFO  -- 
  _____   ___   ___   _____     ___   _____     _     ___   _____   ___   ___  
 |_   _| | __| / __| |_   _|   / __| |_   _|   /_\   | _ \ |_   _| | __| |   \ 
   | |   | _|  \__ \   | |     \__ \   | |    / _ \  |   /   | |   | _|  | |) |
   |_|   |___| |___/   |_|     |___/   |_|   /_/ \_\ |_|_\   |_|   |___| |___/ 

[Negative] - CART_GET all detail data cart with invalid endpoints(cart;[negative]---cart-get-all-detail-data-cart-with-invalid-endpoints)
--------------------------------------------------------------------------------
14:52:39.950 [main] DEBUG net.thucydides.core.steps.StepInterceptor -- STARTING STEP: CartSteps.getAPIAllCartInvalidEndpointUrl - I GET API all cart with invalid endpoints
14:52:39.951 [main] DEBUG net.thucydides.core.steps.StepInterceptor -- STEP DONE: I GET API all cart with invalid endpoints
  &amp#27;[32mGiven &amp#27;[0m&amp#27;[32mI GET API all cart with invalid endpoints&amp#27;[0m                           &amp#27;[90m# starter.stepdefinition.CartSteps.getAPIAllCartInvalidEndpointUrl()&amp#27;[0m
14:52:39.952 [main] DEBUG net.thucydides.core.steps.StepInterceptor -- STARTING STEP: CartSteps.getRequestAllCartWithInvalidRequestUrl - I GET HTTP request all cart data with invalid endpoints
14:52:39.955 [main] DEBUG net.thucydides.core.steps.StepInterceptor -- STARTING STEP: Cart.getRequestAllCartWithInvalidRequestUrl - I GET API all cart with invalid endpoints
14:52:39.955 [main] DEBUG net.thucydides.core.steps.StepInterceptor -- STEP DONE: I GET API all cart with invalid endpoints
14:52:39.965 [main] DEBUG org.apache.http.impl.conn.BasicClientConnectionManager -- Get connection for route {s}->https://fakestoreapi.com:443
14:52:39.965 [main] DEBUG org.apache.http.impl.conn.DefaultClientConnectionOperator -- Connecting to fakestoreapi.com:443
14:52:40.030 [main] DEBUG org.apache.http.client.protocol.RequestAddCookies -- CookieSpec selected: ignoreCookies
14:52:40.030 [main] DEBUG org.apache.http.client.protocol.RequestAuthCache -- Auth cache not set in the context
14:52:40.030 [main] DEBUG org.apache.http.client.protocol.RequestTargetAuthentication -- Target auth state: UNCHALLENGED
14:52:40.030 [main] DEBUG org.apache.http.client.protocol.RequestProxyAuthentication -- Proxy auth state: UNCHALLENGED
14:52:40.030 [main] DEBUG org.apache.http.impl.client.DefaultHttpClient -- Attempt 1 to execute request
14:52:40.030 [main] DEBUG org.apache.http.impl.conn.DefaultClientConnection -- Sending request: GET /keranjang HTTP/1.1
14:52:40.031 [main] DEBUG org.apache.http.wire --  >> "GET /keranjang HTTP/1.1[\r][\n]"
14:52:40.031 [main] DEBUG org.apache.http.wire --  >> "Accept: */*[\r][\n]"
14:52:40.031 [main] DEBUG org.apache.http.wire --  >> "Host: fakestoreapi.com[\r][\n]"
14:52:40.031 [main] DEBUG org.apache.http.wire --  >> "Connection: Keep-Alive[\r][\n]"
14:52:40.031 [main] DEBUG org.apache.http.wire --  >> "User-Agent: Apache-HttpClient/4.5.13 (Java/17.0.8)[\r][\n]"
14:52:40.031 [main] DEBUG org.apache.http.wire --  >> "Accept-Encoding: gzip,deflate[\r][\n]"
14:52:40.031 [main] DEBUG org.apache.http.wire --  >> "[\r][\n]"
14:52:40.031 [main] DEBUG org.apache.http.headers -- >> GET /keranjang HTTP/1.1
14:52:40.031 [main] DEBUG org.apache.http.headers -- >> Accept: */*
14:52:40.031 [main] DEBUG org.apache.http.headers -- >> Host: fakestoreapi.com
14:52:40.031 [main] DEBUG org.apache.http.headers -- >> Connection: Keep-Alive
14:52:40.031 [main] DEBUG org.apache.http.headers -- >> User-Agent: Apache-HttpClient/4.5.13 (Java/17.0.8)
14:52:40.031 [main] DEBUG org.apache.http.headers -- >> Accept-Encoding: gzip,deflate
14:52:40.705 [main] DEBUG org.apache.http.wire --  << "HTTP/1.1 404 Not Found[\r][\n]"
14:52:40.705 [main] DEBUG org.apache.http.wire --  << "Date: Fri, 06 Oct 2023 07:52:41 GMT[\r][\n]"
14:52:40.705 [main] DEBUG org.apache.http.wire --  << "Content-Type: text/html; charset=utf-8[\r][\n]"
14:52:40.705 [main] DEBUG org.apache.http.wire --  << "Transfer-Encoding: chunked[\r][\n]"
14:52:40.705 [main] DEBUG org.apache.http.wire --  << "Connection: keep-alive[\r][\n]"
14:52:40.705 [main] DEBUG org.apache.http.wire --  << "Access-Control-Allow-Origin: *[\r][\n]"
14:52:40.705 [main] DEBUG org.apache.http.wire --  << "Content-Security-Policy: default-src 'none'[\r][\n]"
14:52:40.705 [main] DEBUG org.apache.http.wire --  << "X-Content-Type-Options: nosniff[\r][\n]"
14:52:40.705 [main] DEBUG org.apache.http.wire --  << "X-Powered-By: Express[\r][\n]"
14:52:40.705 [main] DEBUG org.apache.http.wire --  << "CF-Cache-Status: DYNAMIC[\r][\n]"
14:52:40.705 [main] DEBUG org.apache.http.wire --  << "Report-To: {"endpoints":[{"url":"https:\/\/a.nel.cloudflare.com\/report\/v3?s=AQ%2FeaWNeVFH9qFjD10F6dWYHYtb0nHI1Vos7%2BKOuvksYqhgXmffEq4d0voVFrYHb69DUaorA%2B6P9bL4IzR%2Bug3aVSVjLwAgKZNF5fzGrLw6%2BZN%2B%2Bw4ZdwsVZxt5lj6OACiKB"}],"group":"cf-nel","max_age":604800}[\r][\n]"
14:52:40.705 [main] DEBUG org.apache.http.wire --  << "NEL: {"success_fraction":0,"report_to":"cf-nel","max_age":604800}[\r][\n]"
14:52:40.705 [main] DEBUG org.apache.http.wire --  << "Server: cloudflare[\r][\n]"
14:52:40.705 [main] DEBUG org.apache.http.wire --  << "CF-RAY: 811c5388dd4349fc-SIN[\r][\n]"
14:52:40.705 [main] DEBUG org.apache.http.wire --  << "Content-Encoding: gzip[\r][\n]"
14:52:40.705 [main] DEBUG org.apache.http.wire --  << "alt-svc: h3=":443"; ma=86400[\r][\n]"
14:52:40.705 [main] DEBUG org.apache.http.wire --  << "[\r][\n]"
14:52:40.705 [main] DEBUG org.apache.http.impl.conn.DefaultClientConnection -- Receiving response: HTTP/1.1 404 Not Found
14:52:40.705 [main] DEBUG org.apache.http.headers -- << HTTP/1.1 404 Not Found
14:52:40.705 [main] DEBUG org.apache.http.headers -- << Date: Fri, 06 Oct 2023 07:52:41 GMT
14:52:40.705 [main] DEBUG org.apache.http.headers -- << Content-Type: text/html; charset=utf-8
14:52:40.705 [main] DEBUG org.apache.http.headers -- << Transfer-Encoding: chunked
14:52:40.705 [main] DEBUG org.apache.http.headers -- << Connection: keep-alive
14:52:40.705 [main] DEBUG org.apache.http.headers -- << Access-Control-Allow-Origin: *
14:52:40.705 [main] DEBUG org.apache.http.headers -- << Content-Security-Policy: default-src 'none'
14:52:40.705 [main] DEBUG org.apache.http.headers -- << X-Content-Type-Options: nosniff
14:52:40.705 [main] DEBUG org.apache.http.headers -- << X-Powered-By: Express
14:52:40.705 [main] DEBUG org.apache.http.headers -- << CF-Cache-Status: DYNAMIC
14:52:40.705 [main] DEBUG org.apache.http.headers -- << Report-To: {"endpoints":[{"url":"https:\/\/a.nel.cloudflare.com\/report\/v3?s=AQ%2FeaWNeVFH9qFjD10F6dWYHYtb0nHI1Vos7%2BKOuvksYqhgXmffEq4d0voVFrYHb69DUaorA%2B6P9bL4IzR%2Bug3aVSVjLwAgKZNF5fzGrLw6%2BZN%2B%2Bw4ZdwsVZxt5lj6OACiKB"}],"group":"cf-nel","max_age":604800}
14:52:40.705 [main] DEBUG org.apache.http.headers -- << NEL: {"success_fraction":0,"report_to":"cf-nel","max_age":604800}
14:52:40.705 [main] DEBUG org.apache.http.headers -- << Server: cloudflare
14:52:40.705 [main] DEBUG org.apache.http.headers -- << CF-RAY: 811c5388dd4349fc-SIN
14:52:40.705 [main] DEBUG org.apache.http.headers -- << Content-Encoding: gzip
14:52:40.705 [main] DEBUG org.apache.http.headers -- << alt-svc: h3=":443"; ma=86400
14:52:40.705 [main] DEBUG org.apache.http.impl.client.DefaultHttpClient -- Connection can be kept alive indefinitely
14:52:40.705 [main] DEBUG io.restassured.internal.RestAssuredHttpBuilder -- Parsing response as: text/html; charset=utf-8
14:52:40.705 [main] DEBUG org.apache.http.wire --  << "91[\r][\n]"
14:52:40.705 [main] DEBUG org.apache.http.wire --  << "[0x1f][0x8b][0x8][0x0][0x0][0x0][0x0][0x0][0x0][0x3],[0x8e][0xb1][0xe][0xc2]0[0xc]D[0xf7]|E[0xc8][0x8e][0xbc]2[0xb8]YJ[0xc4]H[0x87].[0x1d][\r]5-[0x90]:[0xc8][0xb8][0x3][0x8f][0x2][0x9d]Nw[0xef]N:[0xdc][0x1d][0xcf]m?t[0xc9][0xcf][0xb6][0xe4][0xe8][0xb0][0x8a][0xcf]$S[0x13]XB[\r][0x98][0xc6][0xe8]pa#[0x9d]I[0xdf]lMX[0xed][0xb6]?Tjw[0xcb][0x1c][0x93]jQ[0x84][0xbf]q[0x8][0xdb][0xe6]R[0xc6]Ot[0xf8]R[0x8e]-[0x89][0x14][0xf3][0xa7][0xd4]{x[0xb2][0x92]<H&[0x84][0x8a][0x1c][0xc2]V[0x84][0xdf][0x87]/[0x0][0x0][0x0][0xff][0xff][0xe3][0x2][0x0][0xcf]t[0xd6]<[0x94][0x0][0x0][0x0]"
14:52:40.705 [main] DEBUG org.apache.http.wire --  << "[\r][\n]"
14:52:40.705 [main] DEBUG org.apache.http.wire --  << "0[\r][\n]"
14:52:40.705 [main] DEBUG org.apache.http.wire --  << "[\r][\n]"
14:52:40.705 [main] DEBUG io.restassured.internal.RestAssuredHttpBuilder -- Parsed data to instance of: class org.apache.http.conn.EofSensorInputStream
14:52:40.707 [main] DEBUG org.apache.http.impl.conn.BasicClientConnectionManager -- Releasing connection org.apache.http.impl.conn.ManagedClientConnectionImpl@4feec184
14:52:40.707 [main] DEBUG org.apache.http.impl.conn.BasicClientConnectionManager -- Connection can be kept alive indefinitely
14:52:40.791 [main] DEBUG net.thucydides.core.steps.StepInterceptor -- STEP DONE: I GET HTTP request all cart data with invalid endpoints
  &amp#27;[32mWhen &amp#27;[0m&amp#27;[32mI GET HTTP request all cart data with invalid endpoints&amp#27;[0m              &amp#27;[90m# starter.stepdefinition.CartSteps.getRequestAllCartWithInvalidRequestUrl()&amp#27;[0m
14:52:40.793 [main] DEBUG net.thucydides.core.steps.StepInterceptor -- STARTING STEP: CartSteps.receiveInvalidGETAllCartResponseCode404 - I receive invalid GET all cart response code 404
14:52:40.794 [main] DEBUG net.thucydides.core.steps.StepInterceptor -- STEP DONE: I receive invalid GET all cart response code 404
  &amp#27;[32mThen &amp#27;[0m&amp#27;[32mI receive invalid GET all cart response code 404&amp#27;[0m                     &amp#27;[90m# starter.stepdefinition.CartSteps.receiveInvalidGETAllCartResponseCode404()&amp#27;[0m
14:52:40.796 [main] INFO  -- 
  _____   ___   ___   _____     ___     _     ___   ___   ___   ___  
 |_   _| | __| / __| |_   _|   | _ \   /_\   / __| / __| | __| |   \ 
   | |   | _|  \__ \   | |     |  _/  / _ \  \__ \ \__ \ | _|  | |) |
   |_|   |___| |___/   |_|     |_|   /_/ \_\ |___/ |___/ |___| |___/ 

[Negative] - CART_GET all detail data cart with invalid endpoints
----------------------------------------------------------------------
]]></system-out>
  </testcase>
  <testcase name="[Positive] - CART_GET a single cart with valid url" classname="Cart" time="1.092">
    <system-out><![CDATA[
Scenario: [Positive] - CART_GET a single cart with valid url &amp#27;[90m# src/test/resources/Cart.feature:13&amp#27;[0m
14:52:40.807 [main] INFO io.cucumber.core.plugin.SerenityReporter -- Running feature from file:///D:/SEMESTER%205/All%20Section/Section%203%20-%20Code%20Competence/Code%20Competence%20KM%20QA%202/Weekly2/src/test/resources/Cart.feature
14:52:40.807 [main] WARN io.cucumber.core.plugin.SerenityReporter -- Feature from file:///D:/SEMESTER%205/All%20Section/Section%203%20-%20Code%20Competence/Code%20Competence%20KM%20QA%202/Weekly2/src/test/resources/Cart.feature is not under the 'features' directory. Requirements report will not be correctly generated!
14:52:40.810 [main] INFO  -- 
  _____   ___   ___   _____     ___   _____     _     ___   _____   ___   ___  
 |_   _| | __| / __| |_   _|   / __| |_   _|   /_\   | _ \ |_   _| | __| |   \ 
   | |   | _|  \__ \   | |     \__ \   | |    / _ \  |   /   | |   | _|  | |) |
   |_|   |___| |___/   |_|     |___/   |_|   /_/ \_\ |_|_\   |_|   |___| |___/ 

[Positive] - CART_GET a single cart with valid url(cart;[positive]---cart-get-a-single-cart-with-valid-url)
--------------------------------------------------------------------------------
14:52:40.815 [main] DEBUG net.thucydides.core.steps.StepInterceptor -- STARTING STEP: CartSteps.getAPISingleCartValidURL - I GET API single cart with valid url
14:52:40.815 [main] DEBUG net.thucydides.core.steps.StepInterceptor -- STEP DONE: I GET API single cart with valid url
  &amp#27;[32mGiven &amp#27;[0m&amp#27;[32mI GET API single cart with valid url&amp#27;[0m                 &amp#27;[90m# starter.stepdefinition.CartSteps.getAPISingleCartValidURL()&amp#27;[0m
14:52:40.819 [main] DEBUG net.thucydides.core.steps.StepInterceptor -- STARTING STEP: CartSteps.getRequestSingleCartValidURL - I GET HTTP request single cart data with valid url
14:52:40.820 [main] DEBUG net.thucydides.core.steps.StepInterceptor -- STARTING STEP: Cart.getRequestSingleCartValidURL - I GET API single cart with valid url
14:52:40.820 [main] DEBUG net.thucydides.core.steps.StepInterceptor -- STEP DONE: I GET API single cart with valid url
14:52:40.832 [main] DEBUG org.apache.http.impl.conn.BasicClientConnectionManager -- Get connection for route {s}->https://fakestoreapi.com:443
14:52:40.832 [main] DEBUG org.apache.http.impl.conn.DefaultClientConnectionOperator -- Connecting to fakestoreapi.com:443
14:52:40.900 [main] DEBUG org.apache.http.client.protocol.RequestAddCookies -- CookieSpec selected: ignoreCookies
14:52:40.900 [main] DEBUG org.apache.http.client.protocol.RequestAuthCache -- Auth cache not set in the context
14:52:40.900 [main] DEBUG org.apache.http.client.protocol.RequestTargetAuthentication -- Target auth state: UNCHALLENGED
14:52:40.900 [main] DEBUG org.apache.http.client.protocol.RequestProxyAuthentication -- Proxy auth state: UNCHALLENGED
14:52:40.901 [main] DEBUG org.apache.http.impl.client.DefaultHttpClient -- Attempt 1 to execute request
14:52:40.901 [main] DEBUG org.apache.http.impl.conn.DefaultClientConnection -- Sending request: GET /carts/5 HTTP/1.1
14:52:40.901 [main] DEBUG org.apache.http.wire --  >> "GET /carts/5 HTTP/1.1[\r][\n]"
14:52:40.901 [main] DEBUG org.apache.http.wire --  >> "Accept: */*[\r][\n]"
14:52:40.901 [main] DEBUG org.apache.http.wire --  >> "Host: fakestoreapi.com[\r][\n]"
14:52:40.901 [main] DEBUG org.apache.http.wire --  >> "Connection: Keep-Alive[\r][\n]"
14:52:40.901 [main] DEBUG org.apache.http.wire --  >> "User-Agent: Apache-HttpClient/4.5.13 (Java/17.0.8)[\r][\n]"
14:52:40.901 [main] DEBUG org.apache.http.wire --  >> "Accept-Encoding: gzip,deflate[\r][\n]"
14:52:40.901 [main] DEBUG org.apache.http.wire --  >> "[\r][\n]"
14:52:40.901 [main] DEBUG org.apache.http.headers -- >> GET /carts/5 HTTP/1.1
14:52:40.901 [main] DEBUG org.apache.http.headers -- >> Accept: */*
14:52:40.901 [main] DEBUG org.apache.http.headers -- >> Host: fakestoreapi.com
14:52:40.901 [main] DEBUG org.apache.http.headers -- >> Connection: Keep-Alive
14:52:40.901 [main] DEBUG org.apache.http.headers -- >> User-Agent: Apache-HttpClient/4.5.13 (Java/17.0.8)
14:52:40.901 [main] DEBUG org.apache.http.headers -- >> Accept-Encoding: gzip,deflate
14:52:41.445 [main] DEBUG org.apache.http.wire --  << "HTTP/1.1 200 OK[\r][\n]"
14:52:41.445 [main] DEBUG org.apache.http.wire --  << "Date: Fri, 06 Oct 2023 07:52:42 GMT[\r][\n]"
14:52:41.445 [main] DEBUG org.apache.http.wire --  << "Content-Type: application/json; charset=utf-8[\r][\n]"
14:52:41.445 [main] DEBUG org.apache.http.wire --  << "Transfer-Encoding: chunked[\r][\n]"
14:52:41.445 [main] DEBUG org.apache.http.wire --  << "Connection: keep-alive[\r][\n]"
14:52:41.445 [main] DEBUG org.apache.http.wire --  << "Access-Control-Allow-Origin: *[\r][\n]"
14:52:41.445 [main] DEBUG org.apache.http.wire --  << "Etag: W/"84-gdIyDDM4F2vHdbWZQxEVv0T8aPA"[\r][\n]"
14:52:41.445 [main] DEBUG org.apache.http.wire --  << "X-Powered-By: Express[\r][\n]"
14:52:41.445 [main] DEBUG org.apache.http.wire --  << "CF-Cache-Status: DYNAMIC[\r][\n]"
14:52:41.445 [main] DEBUG org.apache.http.wire --  << "Report-To: {"endpoints":[{"url":"https:\/\/a.nel.cloudflare.com\/report\/v3?s=oCWow9mCFfh6GcMzW4bl88EoLl0xO5%2BQ924o%2BHdHZixk8TuPHuR5dNM0bq%2BY6fxAQigOEwxUOt8gk9u3vT52PCxeFFjxhfE%2FuftlVRQ3jVpdaGIrffUuYWGaUP0BEIrC3HF6"}],"group":"cf-nel","max_age":604800}[\r][\n]"
14:52:41.445 [main] DEBUG org.apache.http.wire --  << "NEL: {"success_fraction":0,"report_to":"cf-nel","max_age":604800}[\r][\n]"
14:52:41.445 [main] DEBUG org.apache.http.wire --  << "Server: cloudflare[\r][\n]"
14:52:41.445 [main] DEBUG org.apache.http.wire --  << "CF-RAY: 811c538e4be040ea-SIN[\r][\n]"
14:52:41.445 [main] DEBUG org.apache.http.wire --  << "Content-Encoding: gzip[\r][\n]"
14:52:41.445 [main] DEBUG org.apache.http.wire --  << "alt-svc: h3=":443"; ma=86400[\r][\n]"
14:52:41.445 [main] DEBUG org.apache.http.wire --  << "[\r][\n]"
14:52:41.445 [main] DEBUG org.apache.http.impl.conn.DefaultClientConnection -- Receiving response: HTTP/1.1 200 OK
14:52:41.445 [main] DEBUG org.apache.http.headers -- << HTTP/1.1 200 OK
14:52:41.445 [main] DEBUG org.apache.http.headers -- << Date: Fri, 06 Oct 2023 07:52:42 GMT
14:52:41.445 [main] DEBUG org.apache.http.headers -- << Content-Type: application/json; charset=utf-8
14:52:41.445 [main] DEBUG org.apache.http.headers -- << Transfer-Encoding: chunked
14:52:41.445 [main] DEBUG org.apache.http.headers -- << Connection: keep-alive
14:52:41.445 [main] DEBUG org.apache.http.headers -- << Access-Control-Allow-Origin: *
14:52:41.445 [main] DEBUG org.apache.http.headers -- << Etag: W/"84-gdIyDDM4F2vHdbWZQxEVv0T8aPA"
14:52:41.445 [main] DEBUG org.apache.http.headers -- << X-Powered-By: Express
14:52:41.446 [main] DEBUG org.apache.http.headers -- << CF-Cache-Status: DYNAMIC
14:52:41.446 [main] DEBUG org.apache.http.headers -- << Report-To: {"endpoints":[{"url":"https:\/\/a.nel.cloudflare.com\/report\/v3?s=oCWow9mCFfh6GcMzW4bl88EoLl0xO5%2BQ924o%2BHdHZixk8TuPHuR5dNM0bq%2BY6fxAQigOEwxUOt8gk9u3vT52PCxeFFjxhfE%2FuftlVRQ3jVpdaGIrffUuYWGaUP0BEIrC3HF6"}],"group":"cf-nel","max_age":604800}
14:52:41.446 [main] DEBUG org.apache.http.headers -- << NEL: {"success_fraction":0,"report_to":"cf-nel","max_age":604800}
14:52:41.446 [main] DEBUG org.apache.http.headers -- << Server: cloudflare
14:52:41.446 [main] DEBUG org.apache.http.headers -- << CF-RAY: 811c538e4be040ea-SIN
14:52:41.446 [main] DEBUG org.apache.http.headers -- << Content-Encoding: gzip
14:52:41.446 [main] DEBUG org.apache.http.headers -- << alt-svc: h3=":443"; ma=86400
14:52:41.446 [main] DEBUG org.apache.http.impl.client.DefaultHttpClient -- Connection can be kept alive indefinitely
14:52:41.446 [main] DEBUG io.restassured.internal.RestAssuredHttpBuilder -- Parsing response as: application/json; charset=utf-8
14:52:41.446 [main] DEBUG org.apache.http.wire --  << "78[\r][\n]"
14:52:41.446 [main] DEBUG org.apache.http.wire --  << "[0x1f][0x8b][0x8][0x0][0x0][0x0][0x0][0x0][0x0][0x3]T[0x8b][0xcd][\n]"
14:52:41.446 [main] DEBUG org.apache.http.wire --  << "@@[0x14]F[0xdf][0xe5][_[0xfa][0x98]D[0xf7][\r][0xec][0xad]H[0x92][0xb1][0xb0][0xf1];[0xa3]$[0xef].[0xca]B[0x9d][0xcd][0xe9]tN[0xc][0x16][0x9a][0x8][0xfc][0xd6][0xaf][0xb9][0x85][0x1a][0x81]m][0xf]E[0xcc][0x98][0x1]M[0xc0][0xa8] [0xf5]%$YB0[0xaf][0x93][0xf5][0x9d][0xdb][0xa0][0xd5][0xf9][0xc9]3[0xa7][0x82][0xc5][0xb7][0xa3][0x1b][0xdc][0x1][0x8d].[0xf9][0xc5][0xec][0x1f]kA[0xd3][0xec]P^7[0x0][0x0][0x0][0xff][0xff][0x3][0x0][0x1b][0xb4][0x9]}[0x84][0x0][0x0][0x0]"
14:52:41.446 [main] DEBUG org.apache.http.wire --  << "[\r][\n]"
14:52:41.446 [main] DEBUG org.apache.http.wire --  << "0[\r][\n]"
14:52:41.446 [main] DEBUG org.apache.http.wire --  << "[\r][\n]"
14:52:41.446 [main] DEBUG io.restassured.internal.RestAssuredHttpBuilder -- Parsed data to instance of: class org.apache.http.conn.EofSensorInputStream
14:52:41.447 [main] DEBUG org.apache.http.impl.conn.BasicClientConnectionManager -- Releasing connection org.apache.http.impl.conn.ManagedClientConnectionImpl@33399052
14:52:41.447 [main] DEBUG org.apache.http.impl.conn.BasicClientConnectionManager -- Connection can be kept alive indefinitely
14:52:41.447 [main] DEBUG net.thucydides.core.steps.StepInterceptor -- STEP DONE: I GET HTTP request single cart data with valid url
  &amp#27;[32mWhen &amp#27;[0m&amp#27;[32mI GET HTTP request single cart data with valid url&amp#27;[0m    &amp#27;[90m# starter.stepdefinition.CartSteps.getRequestSingleCartValidURL()&amp#27;[0m
14:52:41.450 [main] DEBUG net.thucydides.core.steps.StepInterceptor -- STARTING STEP: CartSteps.receiveValidDataForSingleUser - I receive valid data for single cart
14:52:41.506 [Finalizer] DEBUG org.apache.http.impl.conn.DefaultClientConnection -- Connection 0.0.0.0:50977<->104.21.87.105:443 closed
14:52:41.883 [main] DEBUG net.thucydides.core.steps.StepInterceptor -- STEP DONE: I receive valid data for single cart
  &amp#27;[32mAnd &amp#27;[0m&amp#27;[32mI receive valid data for single cart&amp#27;[0m                   &amp#27;[90m# starter.stepdefinition.CartSteps.receiveValidDataForSingleUser()&amp#27;[0m
14:52:41.887 [main] DEBUG net.thucydides.core.steps.StepInterceptor -- STARTING STEP: CartSteps.receiveValidGETSingleCartResponseCode200 - I receive valid GET single cart response code 200
14:52:41.887 [main] DEBUG net.thucydides.core.steps.StepInterceptor -- STEP DONE: I receive valid GET single cart response code 200
  &amp#27;[32mThen &amp#27;[0m&amp#27;[32mI receive valid GET single cart response code 200&amp#27;[0m     &amp#27;[90m# starter.stepdefinition.CartSteps.receiveValidGETSingleCartResponseCode200()&amp#27;[0m
14:52:41.889 [main] INFO  -- 
  _____   ___   ___   _____     ___     _     ___   ___   ___   ___  
 |_   _| | __| / __| |_   _|   | _ \   /_\   / __| / __| | __| |   \ 
   | |   | _|  \__ \   | |     |  _/  / _ \  \__ \ \__ \ | _|  | |) |
   |_|   |___| |___/   |_|     |_|   /_/ \_\ |___/ |___/ |___| |___/ 

[Positive] - CART_GET a single cart with valid url
----------------------------------------------------------------------
]]></system-out>
  </testcase>
  <testcase name="[Negative] - CART_GET a single cart with invalid url" classname="Cart" time="0.572">
    <system-out><![CDATA[
Scenario: [Negative] - CART_GET a single cart with invalid url &amp#27;[90m# src/test/resources/Cart.feature:19&amp#27;[0m
14:52:41.902 [main] INFO io.cucumber.core.plugin.SerenityReporter -- Running feature from file:///D:/SEMESTER%205/All%20Section/Section%203%20-%20Code%20Competence/Code%20Competence%20KM%20QA%202/Weekly2/src/test/resources/Cart.feature
14:52:41.902 [main] WARN io.cucumber.core.plugin.SerenityReporter -- Feature from file:///D:/SEMESTER%205/All%20Section/Section%203%20-%20Code%20Competence/Code%20Competence%20KM%20QA%202/Weekly2/src/test/resources/Cart.feature is not under the 'features' directory. Requirements report will not be correctly generated!
14:52:41.904 [main] INFO  -- 
  _____   ___   ___   _____     ___   _____     _     ___   _____   ___   ___  
 |_   _| | __| / __| |_   _|   / __| |_   _|   /_\   | _ \ |_   _| | __| |   \ 
   | |   | _|  \__ \   | |     \__ \   | |    / _ \  |   /   | |   | _|  | |) |
   |_|   |___| |___/   |_|     |___/   |_|   /_/ \_\ |_|_\   |_|   |___| |___/ 

[Negative] - CART_GET a single cart with invalid url(cart;[negative]---cart-get-a-single-cart-with-invalid-url)
--------------------------------------------------------------------------------
14:52:41.911 [main] DEBUG net.thucydides.core.steps.StepInterceptor -- STARTING STEP: CartSteps.setGetUserCartEndpoint - I GET API single cart with invalid url
14:52:41.911 [main] DEBUG net.thucydides.core.steps.StepInterceptor -- STEP DONE: I GET API single cart with invalid url
  &amp#27;[32mGiven &amp#27;[0m&amp#27;[32mI GET API single cart with invalid url&amp#27;[0m                 &amp#27;[90m# starter.stepdefinition.CartSteps.setGetUserCartEndpoint()&amp#27;[0m
14:52:41.914 [main] DEBUG net.thucydides.core.steps.StepInterceptor -- STARTING STEP: CartSteps.getUserCartRequest - I GET HTTP request single cart data with invalid url
14:52:41.915 [main] DEBUG net.thucydides.core.steps.StepInterceptor -- STARTING STEP: Cart.getUserCartRequest - I GET API single cart with invalid url
14:52:41.915 [main] DEBUG net.thucydides.core.steps.StepInterceptor -- STEP DONE: I GET API single cart with invalid url
14:52:41.926 [main] DEBUG org.apache.http.impl.conn.BasicClientConnectionManager -- Get connection for route {s}->https://fakestoreapi.com:443
14:52:41.926 [main] DEBUG org.apache.http.impl.conn.DefaultClientConnectionOperator -- Connecting to fakestoreapi.com:443
14:52:41.992 [main] DEBUG org.apache.http.client.protocol.RequestAddCookies -- CookieSpec selected: ignoreCookies
14:52:41.992 [main] DEBUG org.apache.http.client.protocol.RequestAuthCache -- Auth cache not set in the context
14:52:41.992 [main] DEBUG org.apache.http.client.protocol.RequestTargetAuthentication -- Target auth state: UNCHALLENGED
14:52:41.992 [main] DEBUG org.apache.http.client.protocol.RequestProxyAuthentication -- Proxy auth state: UNCHALLENGED
14:52:41.992 [main] DEBUG org.apache.http.impl.client.DefaultHttpClient -- Attempt 1 to execute request
14:52:41.993 [main] DEBUG org.apache.http.impl.conn.DefaultClientConnection -- Sending request: GET /cart/5 HTTP/1.1
14:52:41.993 [main] DEBUG org.apache.http.wire --  >> "GET /cart/5 HTTP/1.1[\r][\n]"
14:52:41.993 [main] DEBUG org.apache.http.wire --  >> "Accept: */*[\r][\n]"
14:52:41.993 [main] DEBUG org.apache.http.wire --  >> "Host: fakestoreapi.com[\r][\n]"
14:52:41.993 [main] DEBUG org.apache.http.wire --  >> "Connection: Keep-Alive[\r][\n]"
14:52:41.993 [main] DEBUG org.apache.http.wire --  >> "User-Agent: Apache-HttpClient/4.5.13 (Java/17.0.8)[\r][\n]"
14:52:41.993 [main] DEBUG org.apache.http.wire --  >> "Accept-Encoding: gzip,deflate[\r][\n]"
14:52:41.993 [main] DEBUG org.apache.http.wire --  >> "[\r][\n]"
14:52:41.993 [main] DEBUG org.apache.http.headers -- >> GET /cart/5 HTTP/1.1
14:52:41.993 [main] DEBUG org.apache.http.headers -- >> Accept: */*
14:52:41.993 [main] DEBUG org.apache.http.headers -- >> Host: fakestoreapi.com
14:52:41.993 [main] DEBUG org.apache.http.headers -- >> Connection: Keep-Alive
14:52:41.993 [main] DEBUG org.apache.http.headers -- >> User-Agent: Apache-HttpClient/4.5.13 (Java/17.0.8)
14:52:41.993 [main] DEBUG org.apache.http.headers -- >> Accept-Encoding: gzip,deflate
14:52:42.441 [main] DEBUG org.apache.http.wire --  << "HTTP/1.1 404 Not Found[\r][\n]"
14:52:42.441 [main] DEBUG org.apache.http.wire --  << "Date: Fri, 06 Oct 2023 07:52:43 GMT[\r][\n]"
14:52:42.441 [main] DEBUG org.apache.http.wire --  << "Content-Type: text/html; charset=utf-8[\r][\n]"
14:52:42.441 [main] DEBUG org.apache.http.wire --  << "Transfer-Encoding: chunked[\r][\n]"
14:52:42.441 [main] DEBUG org.apache.http.wire --  << "Connection: keep-alive[\r][\n]"
14:52:42.441 [main] DEBUG org.apache.http.wire --  << "Access-Control-Allow-Origin: *[\r][\n]"
14:52:42.441 [main] DEBUG org.apache.http.wire --  << "Content-Security-Policy: default-src 'none'[\r][\n]"
14:52:42.441 [main] DEBUG org.apache.http.wire --  << "X-Content-Type-Options: nosniff[\r][\n]"
14:52:42.441 [main] DEBUG org.apache.http.wire --  << "X-Powered-By: Express[\r][\n]"
14:52:42.441 [main] DEBUG org.apache.http.wire --  << "CF-Cache-Status: DYNAMIC[\r][\n]"
14:52:42.441 [main] DEBUG org.apache.http.wire --  << "Report-To: {"endpoints":[{"url":"https:\/\/a.nel.cloudflare.com\/report\/v3?s=xjbCgw0Qypg4kC39se3ClDJF3PxObDlcdKUW7cHzEzLYTzMZx1tyHdsTO%2BX6nSaOD4zZecLrWVBLIqbmC3lvbcUtERrV%2Fh3Xfii%2BN2VqzhoZchg4pUuKBn%2Fn9i3EMzURrlMM"}],"group":"cf-nel","max_age":604800}[\r][\n]"
14:52:42.441 [main] DEBUG org.apache.http.wire --  << "NEL: {"success_fraction":0,"report_to":"cf-nel","max_age":604800}[\r][\n]"
14:52:42.441 [main] DEBUG org.apache.http.wire --  << "Server: cloudflare[\r][\n]"
14:52:42.441 [main] DEBUG org.apache.http.wire --  << "CF-RAY: 811c53951da93f6b-SIN[\r][\n]"
14:52:42.441 [main] DEBUG org.apache.http.wire --  << "Content-Encoding: gzip[\r][\n]"
14:52:42.441 [main] DEBUG org.apache.http.wire --  << "alt-svc: h3=":443"; ma=86400[\r][\n]"
14:52:42.441 [main] DEBUG org.apache.http.wire --  << "[\r][\n]"
14:52:42.441 [main] DEBUG org.apache.http.impl.conn.DefaultClientConnection -- Receiving response: HTTP/1.1 404 Not Found
14:52:42.441 [main] DEBUG org.apache.http.headers -- << HTTP/1.1 404 Not Found
14:52:42.441 [main] DEBUG org.apache.http.headers -- << Date: Fri, 06 Oct 2023 07:52:43 GMT
14:52:42.441 [main] DEBUG org.apache.http.headers -- << Content-Type: text/html; charset=utf-8
14:52:42.441 [main] DEBUG org.apache.http.headers -- << Transfer-Encoding: chunked
14:52:42.441 [main] DEBUG org.apache.http.headers -- << Connection: keep-alive
14:52:42.441 [main] DEBUG org.apache.http.headers -- << Access-Control-Allow-Origin: *
14:52:42.441 [main] DEBUG org.apache.http.headers -- << Content-Security-Policy: default-src 'none'
14:52:42.441 [main] DEBUG org.apache.http.headers -- << X-Content-Type-Options: nosniff
14:52:42.441 [main] DEBUG org.apache.http.headers -- << X-Powered-By: Express
14:52:42.441 [main] DEBUG org.apache.http.headers -- << CF-Cache-Status: DYNAMIC
14:52:42.441 [main] DEBUG org.apache.http.headers -- << Report-To: {"endpoints":[{"url":"https:\/\/a.nel.cloudflare.com\/report\/v3?s=xjbCgw0Qypg4kC39se3ClDJF3PxObDlcdKUW7cHzEzLYTzMZx1tyHdsTO%2BX6nSaOD4zZecLrWVBLIqbmC3lvbcUtERrV%2Fh3Xfii%2BN2VqzhoZchg4pUuKBn%2Fn9i3EMzURrlMM"}],"group":"cf-nel","max_age":604800}
14:52:42.441 [main] DEBUG org.apache.http.headers -- << NEL: {"success_fraction":0,"report_to":"cf-nel","max_age":604800}
14:52:42.441 [main] DEBUG org.apache.http.headers -- << Server: cloudflare
14:52:42.441 [main] DEBUG org.apache.http.headers -- << CF-RAY: 811c53951da93f6b-SIN
14:52:42.441 [main] DEBUG org.apache.http.headers -- << Content-Encoding: gzip
14:52:42.441 [main] DEBUG org.apache.http.headers -- << alt-svc: h3=":443"; ma=86400
14:52:42.441 [main] DEBUG org.apache.http.impl.client.DefaultHttpClient -- Connection can be kept alive indefinitely
14:52:42.441 [main] DEBUG io.restassured.internal.RestAssuredHttpBuilder -- Parsing response as: text/html; charset=utf-8
14:52:42.449 [main] DEBUG org.apache.http.wire --  << "84[\r][\n]"
14:52:42.449 [main] DEBUG org.apache.http.wire --  << "[0x1f][0x8b][0x8][0x0][0x0][0x0][0x0][0x0][0x0][0x3],[0x8e][0xb1][0xe][0xc2]0[0xc]DwE[0xc8][0x8e]<!1[0xb8]^J[0xc4][0x8]C[0x17]F[0xd3][0x1a][0x8a][0x94]&[0xc8][0x98][0x81][0xbf]G[0x81]N[0xa7]{w'[0x1d]m[0xe][0xa7]~[0xb8][0x9c]S[0x98]}[0xc9][0xc][0xd4]$d)[0xf7].j[0x89][\r][0xa8]L[0xc][0xb4][0xa8]K[0x18]g[0xb1][0x97]z[0x17][0xdf]~[0xdb][0xee][[0xea][0xf][0xcf][0xca][0xc9][0xac][0x1a][0xe1][0xdf][0x0][0xe1][0xba][0xb9][0xd6][0xe9][0xc3]@OS[0xee][0xa5][0x94][0xea][0xe1][0x98][0x86][0x80][0xa3][0x98][0xe3][0x8e][0xb0]q \[[0xf8];[0xf0][0x5][0x0][0x0][0xff][0xff]"
14:52:42.449 [main] DEBUG org.apache.http.wire --  << "[\r][\n]"
14:52:42.449 [main] DEBUG org.apache.http.wire --  << "b[\r][\n]"
14:52:42.449 [main] DEBUG org.apache.http.wire --  << "[0xe3][0x2][0x0][0xec][0xc7][0x1f][0xb5][0x91][0x0][0x0][0x0]"
14:52:42.449 [main] DEBUG org.apache.http.wire --  << "[\r][\n]"
14:52:42.449 [main] DEBUG org.apache.http.wire --  << "0[\r][\n]"
14:52:42.449 [Finalizer] DEBUG org.apache.http.impl.conn.DefaultClientConnection -- Connection 0.0.0.0:50978<->104.21.87.105:443 closed
14:52:42.449 [main] DEBUG org.apache.http.wire --  << "[\r][\n]"
14:52:42.449 [main] DEBUG io.restassured.internal.RestAssuredHttpBuilder -- Parsed data to instance of: class org.apache.http.conn.EofSensorInputStream
14:52:42.450 [main] DEBUG org.apache.http.impl.conn.BasicClientConnectionManager -- Releasing connection org.apache.http.impl.conn.ManagedClientConnectionImpl@b1fa523
14:52:42.450 [main] DEBUG org.apache.http.impl.conn.BasicClientConnectionManager -- Connection can be kept alive indefinitely
14:52:42.452 [main] DEBUG net.thucydides.core.steps.StepInterceptor -- STEP DONE: I GET HTTP request single cart data with invalid url
  &amp#27;[32mWhen &amp#27;[0m&amp#27;[32mI GET HTTP request single cart data with invalid url&amp#27;[0m    &amp#27;[90m# starter.stepdefinition.CartSteps.getUserCartRequest()&amp#27;[0m
14:52:42.454 [main] DEBUG net.thucydides.core.steps.StepInterceptor -- STARTING STEP: CartSteps.receiveInvalidDataForSingleUser - I receive invalid data for single cart
14:52:42.457 [main] DEBUG net.thucydides.core.steps.StepInterceptor -- STEP DONE: I receive invalid data for single cart
  &amp#27;[32mAnd &amp#27;[0m&amp#27;[32mI receive invalid data for single cart&amp#27;[0m                   &amp#27;[90m# starter.stepdefinition.CartSteps.receiveInvalidDataForSingleUser()&amp#27;[0m
14:52:42.460 [main] DEBUG net.thucydides.core.steps.StepInterceptor -- STARTING STEP: CartSteps.responseUserCartValid404 - I receive invalid GET single cart response code 404
14:52:42.460 [main] DEBUG net.thucydides.core.steps.StepInterceptor -- STEP DONE: I receive invalid GET single cart response code 404
  &amp#27;[32mThen &amp#27;[0m&amp#27;[32mI receive invalid GET single cart response code 404&amp#27;[0m     &amp#27;[90m# starter.stepdefinition.CartSteps.responseUserCartValid404()&amp#27;[0m
14:52:42.461 [main] INFO  -- 
  _____   ___   ___   _____     ___     _     ___   ___   ___   ___  
 |_   _| | __| / __| |_   _|   | _ \   /_\   / __| / __| | __| |   \ 
   | |   | _|  \__ \   | |     |  _/  / _ \  \__ \ \__ \ | _|  | |) |
   |_|   |___| |___/   |_|     |_|   /_/ \_\ |___/ |___/ |___| |___/ 

[Negative] - CART_GET a single cart with invalid url
----------------------------------------------------------------------
]]></system-out>
  </testcase>
  <testcase name="[Positive] - CART_GET limit result cart with valid param" classname="Cart" time="0.695">
    <system-out><![CDATA[
Scenario: [Positive] - CART_GET limit result cart with valid param &amp#27;[90m# src/test/resources/Cart.feature:25&amp#27;[0m
14:52:42.468 [main] INFO io.cucumber.core.plugin.SerenityReporter -- Running feature from file:///D:/SEMESTER%205/All%20Section/Section%203%20-%20Code%20Competence/Code%20Competence%20KM%20QA%202/Weekly2/src/test/resources/Cart.feature
14:52:42.469 [main] WARN io.cucumber.core.plugin.SerenityReporter -- Feature from file:///D:/SEMESTER%205/All%20Section/Section%203%20-%20Code%20Competence/Code%20Competence%20KM%20QA%202/Weekly2/src/test/resources/Cart.feature is not under the 'features' directory. Requirements report will not be correctly generated!
14:52:42.470 [main] INFO  -- 
  _____   ___   ___   _____     ___   _____     _     ___   _____   ___   ___  
 |_   _| | __| / __| |_   _|   / __| |_   _|   /_\   | _ \ |_   _| | __| |   \ 
   | |   | _|  \__ \   | |     \__ \   | |    / _ \  |   /   | |   | _|  | |) |
   |_|   |___| |___/   |_|     |___/   |_|   /_/ \_\ |_|_\   |_|   |___| |___/ 

[Positive] - CART_GET limit result cart with valid param(cart;[positive]---cart-get-limit-result-cart-with-valid-param)
--------------------------------------------------------------------------------
14:52:42.476 [main] DEBUG net.thucydides.core.steps.StepInterceptor -- STARTING STEP: CartSteps.getLimitCartValidRequest - I GET user limit result cart with valid param
14:52:42.476 [main] DEBUG net.thucydides.core.steps.StepInterceptor -- STEP DONE: I GET user limit result cart with valid param
  &amp#27;[32mGiven &amp#27;[0m&amp#27;[32mI GET user limit result cart with valid param&amp#27;[0m              &amp#27;[90m# starter.stepdefinition.CartSteps.getLimitCartValidRequest()&amp#27;[0m
14:52:42.480 [main] DEBUG net.thucydides.core.steps.StepInterceptor -- STARTING STEP: CartSteps.getHTTPValidRequestWithLimitCartParam - I GET HTTP request limit result cart with valid param
14:52:42.481 [main] DEBUG net.thucydides.core.steps.StepInterceptor -- STARTING STEP: Cart.getHTTPValidRequestWithLimitCartParam - I GET user limit result cart with valid param
14:52:42.481 [main] DEBUG net.thucydides.core.steps.StepInterceptor -- STEP DONE: I GET user limit result cart with valid param
14:52:42.498 [main] DEBUG org.apache.http.impl.conn.BasicClientConnectionManager -- Get connection for route {s}->https://fakestoreapi.com:443
14:52:42.498 [main] DEBUG org.apache.http.impl.conn.DefaultClientConnectionOperator -- Connecting to fakestoreapi.com:443
14:52:42.554 [main] DEBUG org.apache.http.client.protocol.RequestAddCookies -- CookieSpec selected: ignoreCookies
14:52:42.554 [main] DEBUG org.apache.http.client.protocol.RequestAuthCache -- Auth cache not set in the context
14:52:42.554 [main] DEBUG org.apache.http.client.protocol.RequestTargetAuthentication -- Target auth state: UNCHALLENGED
14:52:42.554 [main] DEBUG org.apache.http.client.protocol.RequestProxyAuthentication -- Proxy auth state: UNCHALLENGED
14:52:42.554 [main] DEBUG org.apache.http.impl.client.DefaultHttpClient -- Attempt 1 to execute request
14:52:42.554 [main] DEBUG org.apache.http.impl.conn.DefaultClientConnection -- Sending request: GET /carts?limit=5 HTTP/1.1
14:52:42.554 [main] DEBUG org.apache.http.wire --  >> "GET /carts?limit=5 HTTP/1.1[\r][\n]"
14:52:42.554 [main] DEBUG org.apache.http.wire --  >> "Accept: */*[\r][\n]"
14:52:42.554 [main] DEBUG org.apache.http.wire --  >> "Host: fakestoreapi.com[\r][\n]"
14:52:42.554 [main] DEBUG org.apache.http.wire --  >> "Connection: Keep-Alive[\r][\n]"
14:52:42.554 [main] DEBUG org.apache.http.wire --  >> "User-Agent: Apache-HttpClient/4.5.13 (Java/17.0.8)[\r][\n]"
14:52:42.554 [main] DEBUG org.apache.http.wire --  >> "Accept-Encoding: gzip,deflate[\r][\n]"
14:52:42.554 [main] DEBUG org.apache.http.wire --  >> "[\r][\n]"
14:52:42.555 [main] DEBUG org.apache.http.headers -- >> GET /carts?limit=5 HTTP/1.1
14:52:42.555 [main] DEBUG org.apache.http.headers -- >> Accept: */*
14:52:42.555 [main] DEBUG org.apache.http.headers -- >> Host: fakestoreapi.com
14:52:42.555 [main] DEBUG org.apache.http.headers -- >> Connection: Keep-Alive
14:52:42.555 [main] DEBUG org.apache.http.headers -- >> User-Agent: Apache-HttpClient/4.5.13 (Java/17.0.8)
14:52:42.555 [main] DEBUG org.apache.http.headers -- >> Accept-Encoding: gzip,deflate
14:52:43.117 [main] DEBUG org.apache.http.wire --  << "HTTP/1.1 200 OK[\r][\n]"
14:52:43.117 [main] DEBUG org.apache.http.wire --  << "Date: Fri, 06 Oct 2023 07:52:44 GMT[\r][\n]"
14:52:43.117 [main] DEBUG org.apache.http.wire --  << "Content-Type: application/json; charset=utf-8[\r][\n]"
14:52:43.117 [main] DEBUG org.apache.http.wire --  << "Transfer-Encoding: chunked[\r][\n]"
14:52:43.117 [main] DEBUG org.apache.http.wire --  << "Connection: keep-alive[\r][\n]"
14:52:43.117 [main] DEBUG org.apache.http.wire --  << "Access-Control-Allow-Origin: *[\r][\n]"
14:52:43.117 [main] DEBUG org.apache.http.wire --  << "Etag: W/"2b8-bxJn825MWHOywV0kxdnZiZBgns8"[\r][\n]"
14:52:43.117 [main] DEBUG org.apache.http.wire --  << "X-Powered-By: Express[\r][\n]"
14:52:43.117 [main] DEBUG org.apache.http.wire --  << "CF-Cache-Status: DYNAMIC[\r][\n]"
14:52:43.117 [main] DEBUG org.apache.http.wire --  << "Report-To: {"endpoints":[{"url":"https:\/\/a.nel.cloudflare.com\/report\/v3?s=FzW4YTBaFMapqNdETKUklfyZHvteCjsct%2Btc4I72MIsMm9oZaxE%2F8RdpP%2BJ0gTptmiWAexlQ8JHc5PLsWyr925cW6pkyN2YLkbnKOS3MJ5Uw9%2FL4iQ2OqgJNgrznQJK6gy5q"}],"group":"cf-nel","max_age":604800}[\r][\n]"
14:52:43.117 [main] DEBUG org.apache.http.wire --  << "NEL: {"success_fraction":0,"report_to":"cf-nel","max_age":604800}[\r][\n]"
14:52:43.117 [main] DEBUG org.apache.http.wire --  << "Server: cloudflare[\r][\n]"
14:52:43.117 [main] DEBUG org.apache.http.wire --  << "CF-RAY: 811c5398984fa3ef-SIN[\r][\n]"
14:52:43.117 [main] DEBUG org.apache.http.wire --  << "Content-Encoding: gzip[\r][\n]"
14:52:43.117 [main] DEBUG org.apache.http.wire --  << "alt-svc: h3=":443"; ma=86400[\r][\n]"
14:52:43.117 [main] DEBUG org.apache.http.wire --  << "[\r][\n]"
14:52:43.117 [main] DEBUG org.apache.http.impl.conn.DefaultClientConnection -- Receiving response: HTTP/1.1 200 OK
14:52:43.118 [main] DEBUG org.apache.http.headers -- << HTTP/1.1 200 OK
14:52:43.118 [main] DEBUG org.apache.http.headers -- << Date: Fri, 06 Oct 2023 07:52:44 GMT
14:52:43.118 [main] DEBUG org.apache.http.headers -- << Content-Type: application/json; charset=utf-8
14:52:43.118 [main] DEBUG org.apache.http.headers -- << Transfer-Encoding: chunked
14:52:43.118 [main] DEBUG org.apache.http.headers -- << Connection: keep-alive
14:52:43.118 [main] DEBUG org.apache.http.headers -- << Access-Control-Allow-Origin: *
14:52:43.118 [main] DEBUG org.apache.http.headers -- << Etag: W/"2b8-bxJn825MWHOywV0kxdnZiZBgns8"
14:52:43.118 [main] DEBUG org.apache.http.headers -- << X-Powered-By: Express
14:52:43.118 [main] DEBUG org.apache.http.headers -- << CF-Cache-Status: DYNAMIC
14:52:43.118 [main] DEBUG org.apache.http.headers -- << Report-To: {"endpoints":[{"url":"https:\/\/a.nel.cloudflare.com\/report\/v3?s=FzW4YTBaFMapqNdETKUklfyZHvteCjsct%2Btc4I72MIsMm9oZaxE%2F8RdpP%2BJ0gTptmiWAexlQ8JHc5PLsWyr925cW6pkyN2YLkbnKOS3MJ5Uw9%2FL4iQ2OqgJNgrznQJK6gy5q"}],"group":"cf-nel","max_age":604800}
14:52:43.118 [main] DEBUG org.apache.http.headers -- << NEL: {"success_fraction":0,"report_to":"cf-nel","max_age":604800}
14:52:43.118 [main] DEBUG org.apache.http.headers -- << Server: cloudflare
14:52:43.118 [main] DEBUG org.apache.http.headers -- << CF-RAY: 811c5398984fa3ef-SIN
14:52:43.118 [main] DEBUG org.apache.http.headers -- << Content-Encoding: gzip
14:52:43.118 [main] DEBUG org.apache.http.headers -- << alt-svc: h3=":443"; ma=86400
14:52:43.118 [main] DEBUG org.apache.http.impl.client.DefaultHttpClient -- Connection can be kept alive indefinitely
14:52:43.118 [main] DEBUG io.restassured.internal.RestAssuredHttpBuilder -- Parsing response as: application/json; charset=utf-8
14:52:43.118 [main] DEBUG org.apache.http.wire --  << "c3[\r][\n]"
14:52:43.118 [main] DEBUG org.apache.http.wire --  << "[0x1f][0x8b][0x8][0x0][0x0][0x0][0x0][0x0][0x0][0x3][0x9c][0x92][0xcb][\n]"
14:52:43.118 [main] DEBUG org.apache.http.wire --  << "[0x83]0[0x10]E[0xff]e[0xd6][0xb1]L&[0xda]G[0xfe][0xa0][0xfb][0xae]*"[0xd2][0xb8]p[0xd3][0x87]&[0x85]"[0xfe]{im1[0xf]"(d[0x91]p2[0xcc][0x99][0x9b][0xe4]=4[\n]"
14:52:43.118 [main] DEBUG org.apache.http.wire --  << "$g`[0xba][0xba]=[0x8e][U[0xe9][0x1a]$[0x10][0x12]&([0x12][0xa4][0x13][0xa2][0xfc][0xae][\r]"[0x9e][0x81][0xc1][0xbd][0xbd])s[0xd1][0x1d][0xc8][0xbc][0xff][0x1f]~[0xc5][0xf]S]u[0xa3]_ [0xd3][0x81]9[0x90]l[0xc8]=(l[0xb8][0x1d][\n]"
14:52:43.118 [main] DEBUG org.apache.http.wire --  << "[0x6]e[0xf9][0x4][0x89][0x9f]k[0xcd]X[0x1c]3[0xe4]K[0xc]i[0xce][0xd0][0xd1][0xe7][0xe8][0xd1][0xcc][0xa6][0x14]*[0x8a]I[0x91][0xc2][0x10][0xf9][0xba][0x10][0xc9][0x93]8[0xb8]![0x6][0x12][0xe9]$![0xc2][0x9c][0xf8][0xda][0x97][0xc][0xfa]d[0xf1]>[0x8b][0x86][0xdd][0xcd]}[0x8a]}l[0xd8][0xe2][\r][0x0][0x0][0xff][0xff][0x3][0x0][0xf3][0x8][0xc4][0xf9][0xb8][0x2][0x0][0x0]"
14:52:43.118 [main] DEBUG org.apache.http.wire --  << "[\r][\n]"
14:52:43.118 [main] DEBUG org.apache.http.wire --  << "0[\r][\n]"
14:52:43.118 [main] DEBUG org.apache.http.wire --  << "[\r][\n]"
14:52:43.118 [main] DEBUG io.restassured.internal.RestAssuredHttpBuilder -- Parsed data to instance of: class org.apache.http.conn.EofSensorInputStream
14:52:43.119 [main] DEBUG org.apache.http.impl.conn.BasicClientConnectionManager -- Releasing connection org.apache.http.impl.conn.ManagedClientConnectionImpl@1e288c76
14:52:43.119 [main] DEBUG org.apache.http.impl.conn.BasicClientConnectionManager -- Connection can be kept alive indefinitely
14:52:43.120 [main] DEBUG net.thucydides.core.steps.StepInterceptor -- STEP DONE: I GET HTTP request limit result cart with valid param
  &amp#27;[32mWhen &amp#27;[0m&amp#27;[32mI GET HTTP request limit result cart with valid param&amp#27;[0m       &amp#27;[90m# starter.stepdefinition.CartSteps.getHTTPValidRequestWithLimitCartParam()&amp#27;[0m
14:52:43.122 [main] DEBUG net.thucydides.core.steps.StepInterceptor -- STARTING STEP: CartSteps.receiveLimitCartWithValidRequestParam - I receive limit result cart with request param
14:52:43.151 [main] DEBUG net.thucydides.core.steps.StepInterceptor -- STEP DONE: I receive limit result cart with request param
  &amp#27;[32mAnd &amp#27;[0m&amp#27;[32mI receive limit result cart with request param&amp#27;[0m               &amp#27;[90m# starter.stepdefinition.CartSteps.receiveLimitCartWithValidRequestParam()&amp#27;[0m
14:52:43.154 [main] DEBUG net.thucydides.core.steps.StepInterceptor -- STARTING STEP: CartSteps.receiveValidLimitCartResponseCode200 - I receive valid GET limit result cart response code 200
14:52:43.154 [main] DEBUG net.thucydides.core.steps.StepInterceptor -- STEP DONE: I receive valid GET limit result cart response code 200
  &amp#27;[32mThen &amp#27;[0m&amp#27;[32mI receive valid GET limit result cart response code 200&amp#27;[0m     &amp#27;[90m# starter.stepdefinition.CartSteps.receiveValidLimitCartResponseCode200()&amp#27;[0m
14:52:43.156 [main] INFO  -- 
  _____   ___   ___   _____     ___     _     ___   ___   ___   ___  
 |_   _| | __| / __| |_   _|   | _ \   /_\   / __| / __| | __| |   \ 
   | |   | _|  \__ \   | |     |  _/  / _ \  \__ \ \__ \ | _|  | |) |
   |_|   |___| |___/   |_|     |_|   /_/ \_\ |___/ |___/ |___| |___/ 

[Positive] - CART_GET limit result cart with valid param
----------------------------------------------------------------------
]]></system-out>
  </testcase>
  <testcase name="[Negative] - CART_GET limit result cart with invalid param" classname="Cart" time="0.789">
    <system-out><![CDATA[
Scenario: [Negative] - CART_GET limit result cart with invalid param &amp#27;[90m# src/test/resources/Cart.feature:31&amp#27;[0m
14:52:43.163 [main] INFO io.cucumber.core.plugin.SerenityReporter -- Running feature from file:///D:/SEMESTER%205/All%20Section/Section%203%20-%20Code%20Competence/Code%20Competence%20KM%20QA%202/Weekly2/src/test/resources/Cart.feature
14:52:43.163 [main] WARN io.cucumber.core.plugin.SerenityReporter -- Feature from file:///D:/SEMESTER%205/All%20Section/Section%203%20-%20Code%20Competence/Code%20Competence%20KM%20QA%202/Weekly2/src/test/resources/Cart.feature is not under the 'features' directory. Requirements report will not be correctly generated!
14:52:43.165 [main] INFO  -- 
  _____   ___   ___   _____     ___   _____     _     ___   _____   ___   ___  
 |_   _| | __| / __| |_   _|   / __| |_   _|   /_\   | _ \ |_   _| | __| |   \ 
   | |   | _|  \__ \   | |     \__ \   | |    / _ \  |   /   | |   | _|  | |) |
   |_|   |___| |___/   |_|     |___/   |_|   /_/ \_\ |_|_\   |_|   |___| |___/ 

[Negative] - CART_GET limit result cart with invalid param(cart;[negative]---cart-get-limit-result-cart-with-invalid-param)
--------------------------------------------------------------------------------
14:52:43.171 [main] DEBUG net.thucydides.core.steps.StepInterceptor -- STARTING STEP: CartSteps.getLimitCartInvalidRequest - I GET user limit result cart with invalid param
14:52:43.172 [main] DEBUG net.thucydides.core.steps.StepInterceptor -- STEP DONE: I GET user limit result cart with invalid param
  &amp#27;[32mGiven &amp#27;[0m&amp#27;[32mI GET user limit result cart with invalid param&amp#27;[0m              &amp#27;[90m# starter.stepdefinition.CartSteps.getLimitCartInvalidRequest()&amp#27;[0m
14:52:43.175 [main] DEBUG net.thucydides.core.steps.StepInterceptor -- STARTING STEP: CartSteps.getHTTPInvalidRequestWithLimitCartParam - I GET HTTP request limit result cart with invalid param
14:52:43.176 [main] DEBUG net.thucydides.core.steps.StepInterceptor -- STARTING STEP: Cart.getHTTPInvalidRequestWithLimitCartParam - I GET user limit result cart with invalid param
14:52:43.176 [main] DEBUG net.thucydides.core.steps.StepInterceptor -- STEP DONE: I GET user limit result cart with invalid param
14:52:43.184 [main] DEBUG org.apache.http.impl.conn.BasicClientConnectionManager -- Get connection for route {s}->https://fakestoreapi.com:443
14:52:43.184 [main] DEBUG org.apache.http.impl.conn.DefaultClientConnectionOperator -- Connecting to fakestoreapi.com:443
14:52:43.254 [main] DEBUG org.apache.http.client.protocol.RequestAddCookies -- CookieSpec selected: ignoreCookies
14:52:43.254 [main] DEBUG org.apache.http.client.protocol.RequestAuthCache -- Auth cache not set in the context
14:52:43.254 [main] DEBUG org.apache.http.client.protocol.RequestTargetAuthentication -- Target auth state: UNCHALLENGED
14:52:43.254 [main] DEBUG org.apache.http.client.protocol.RequestProxyAuthentication -- Proxy auth state: UNCHALLENGED
14:52:43.254 [main] DEBUG org.apache.http.impl.client.DefaultHttpClient -- Attempt 1 to execute request
14:52:43.254 [main] DEBUG org.apache.http.impl.conn.DefaultClientConnection -- Sending request: GET /cart?limit=5 HTTP/1.1
14:52:43.254 [main] DEBUG org.apache.http.wire --  >> "GET /cart?limit=5 HTTP/1.1[\r][\n]"
14:52:43.254 [main] DEBUG org.apache.http.wire --  >> "Accept: */*[\r][\n]"
14:52:43.254 [main] DEBUG org.apache.http.wire --  >> "Host: fakestoreapi.com[\r][\n]"
14:52:43.254 [main] DEBUG org.apache.http.wire --  >> "Connection: Keep-Alive[\r][\n]"
14:52:43.254 [main] DEBUG org.apache.http.wire --  >> "User-Agent: Apache-HttpClient/4.5.13 (Java/17.0.8)[\r][\n]"
14:52:43.254 [main] DEBUG org.apache.http.wire --  >> "Accept-Encoding: gzip,deflate[\r][\n]"
14:52:43.254 [main] DEBUG org.apache.http.wire --  >> "[\r][\n]"
14:52:43.254 [main] DEBUG org.apache.http.headers -- >> GET /cart?limit=5 HTTP/1.1
14:52:43.254 [main] DEBUG org.apache.http.headers -- >> Accept: */*
14:52:43.254 [main] DEBUG org.apache.http.headers -- >> Host: fakestoreapi.com
14:52:43.254 [main] DEBUG org.apache.http.headers -- >> Connection: Keep-Alive
14:52:43.254 [main] DEBUG org.apache.http.headers -- >> User-Agent: Apache-HttpClient/4.5.13 (Java/17.0.8)
14:52:43.254 [main] DEBUG org.apache.http.headers -- >> Accept-Encoding: gzip,deflate
14:52:43.934 [main] DEBUG org.apache.http.wire --  << "HTTP/1.1 404 Not Found[\r][\n]"
14:52:43.934 [main] DEBUG org.apache.http.wire --  << "Date: Fri, 06 Oct 2023 07:52:44 GMT[\r][\n]"
14:52:43.934 [main] DEBUG org.apache.http.wire --  << "Content-Type: text/html; charset=utf-8[\r][\n]"
14:52:43.934 [main] DEBUG org.apache.http.wire --  << "Transfer-Encoding: chunked[\r][\n]"
14:52:43.934 [main] DEBUG org.apache.http.wire --  << "Connection: keep-alive[\r][\n]"
14:52:43.934 [main] DEBUG org.apache.http.wire --  << "Access-Control-Allow-Origin: *[\r][\n]"
14:52:43.934 [main] DEBUG org.apache.http.wire --  << "Content-Security-Policy: default-src 'none'[\r][\n]"
14:52:43.934 [main] DEBUG org.apache.http.wire --  << "X-Content-Type-Options: nosniff[\r][\n]"
14:52:43.934 [main] DEBUG org.apache.http.wire --  << "X-Powered-By: Express[\r][\n]"
14:52:43.934 [main] DEBUG org.apache.http.wire --  << "CF-Cache-Status: DYNAMIC[\r][\n]"
14:52:43.934 [main] DEBUG org.apache.http.wire --  << "Report-To: {"endpoints":[{"url":"https:\/\/a.nel.cloudflare.com\/report\/v3?s=lz4rESTyVgkTSmj0lNM3y%2FNQMWSY2HHeh%2BE2qnG7wqwlZ90MiIj8NLZUHOslvmgKybWcW5IcG0mE84xigRWbGeylURH4GtIG%2B1ZaqBdY6DgLz5q7WgzzKgj9FFhJdGMMzx8W"}],"group":"cf-nel","max_age":604800}[\r][\n]"
14:52:43.934 [main] DEBUG org.apache.http.wire --  << "NEL: {"success_fraction":0,"report_to":"cf-nel","max_age":604800}[\r][\n]"
14:52:43.934 [main] DEBUG org.apache.http.wire --  << "Server: cloudflare[\r][\n]"
14:52:43.934 [main] DEBUG org.apache.http.wire --  << "CF-RAY: 811c539cfee36be1-SIN[\r][\n]"
14:52:43.934 [main] DEBUG org.apache.http.wire --  << "Content-Encoding: gzip[\r][\n]"
14:52:43.934 [main] DEBUG org.apache.http.wire --  << "alt-svc: h3=":443"; ma=86400[\r][\n]"
14:52:43.934 [main] DEBUG org.apache.http.wire --  << "[\r][\n]"
14:52:43.934 [main] DEBUG org.apache.http.impl.conn.DefaultClientConnection -- Receiving response: HTTP/1.1 404 Not Found
14:52:43.934 [main] DEBUG org.apache.http.headers -- << HTTP/1.1 404 Not Found
14:52:43.934 [main] DEBUG org.apache.http.headers -- << Date: Fri, 06 Oct 2023 07:52:44 GMT
14:52:43.934 [main] DEBUG org.apache.http.headers -- << Content-Type: text/html; charset=utf-8
14:52:43.934 [main] DEBUG org.apache.http.headers -- << Transfer-Encoding: chunked
14:52:43.934 [main] DEBUG org.apache.http.headers -- << Connection: keep-alive
14:52:43.934 [main] DEBUG org.apache.http.headers -- << Access-Control-Allow-Origin: *
14:52:43.934 [main] DEBUG org.apache.http.headers -- << Content-Security-Policy: default-src 'none'
14:52:43.934 [main] DEBUG org.apache.http.headers -- << X-Content-Type-Options: nosniff
14:52:43.934 [main] DEBUG org.apache.http.headers -- << X-Powered-By: Express
14:52:43.934 [main] DEBUG org.apache.http.headers -- << CF-Cache-Status: DYNAMIC
14:52:43.934 [main] DEBUG org.apache.http.headers -- << Report-To: {"endpoints":[{"url":"https:\/\/a.nel.cloudflare.com\/report\/v3?s=lz4rESTyVgkTSmj0lNM3y%2FNQMWSY2HHeh%2BE2qnG7wqwlZ90MiIj8NLZUHOslvmgKybWcW5IcG0mE84xigRWbGeylURH4GtIG%2B1ZaqBdY6DgLz5q7WgzzKgj9FFhJdGMMzx8W"}],"group":"cf-nel","max_age":604800}
14:52:43.934 [main] DEBUG org.apache.http.headers -- << NEL: {"success_fraction":0,"report_to":"cf-nel","max_age":604800}
14:52:43.934 [main] DEBUG org.apache.http.headers -- << Server: cloudflare
14:52:43.934 [main] DEBUG org.apache.http.headers -- << CF-RAY: 811c539cfee36be1-SIN
14:52:43.934 [main] DEBUG org.apache.http.headers -- << Content-Encoding: gzip
14:52:43.934 [main] DEBUG org.apache.http.headers -- << alt-svc: h3=":443"; ma=86400
14:52:43.935 [main] DEBUG org.apache.http.impl.client.DefaultHttpClient -- Connection can be kept alive indefinitely
14:52:43.935 [main] DEBUG io.restassured.internal.RestAssuredHttpBuilder -- Parsing response as: text/html; charset=utf-8
14:52:43.935 [main] DEBUG org.apache.http.wire --  << "8c[\r][\n]"
14:52:43.936 [main] DEBUG org.apache.http.wire --  << "[0x1f][0x8b][0x8][0x0][0x0][0x0][0x0][0x0][0x0][0x3],[0x8d][0xb1][0xe][0xc2]0[0xc]D[0xf7]|[0x85][0xc9][0x8e][0xbc]2[0xb8]^J[0xc4][0x8]C[0x17]F[0xd3][0x1a][0x8a][0x94]&[0x95]1[0x3][0x8f][0x2][0x9d]N[0xf7][0xee]NG[0xbb][0xe3][0xb9][0x1f][0xae][0x97][0x4][0xb3]/[0x99][0x3]5[0x81],[0xe5][0xd1]E-[0xb1][0x1][0x95][0x89][0x3]-[0xea][0x2][0xe3],[0xf6]R[0xef][0xe2][0xdb][0xef][0xfb]CK[0xfd][0xe9]Y9[0x99]U#[0xfc][0x9b]@[0xb8]mnu[0xfa]p[0xa0][0xd5][0x94]{)[0xa5]:[0x9c][0xd2][0x0]8[0x8a]9a[0xa3][0x81]p[0xeb][0xe0][0xef][0xfe][0xb][0x0][0x0][0xff][0xff][0xe3][0x2][0x0]0E[0xcf][0xb4][0x8f][0x0][0x0][0x0]"
14:52:43.936 [main] DEBUG org.apache.http.wire --  << "[\r][\n]"
14:52:43.936 [main] DEBUG org.apache.http.wire --  << "0[\r][\n]"
14:52:43.936 [main] DEBUG org.apache.http.wire --  << "[\r][\n]"
14:52:43.936 [main] DEBUG io.restassured.internal.RestAssuredHttpBuilder -- Parsed data to instance of: class org.apache.http.conn.EofSensorInputStream
14:52:43.937 [main] DEBUG org.apache.http.impl.conn.BasicClientConnectionManager -- Releasing connection org.apache.http.impl.conn.ManagedClientConnectionImpl@9dbb1d9
14:52:43.937 [main] DEBUG org.apache.http.impl.conn.BasicClientConnectionManager -- Connection can be kept alive indefinitely
14:52:43.937 [main] DEBUG net.thucydides.core.steps.StepInterceptor -- STEP DONE: I GET HTTP request limit result cart with invalid param
  &amp#27;[32mWhen &amp#27;[0m&amp#27;[32mI GET HTTP request limit result cart with invalid param&amp#27;[0m       &amp#27;[90m# starter.stepdefinition.CartSteps.getHTTPInvalidRequestWithLimitCartParam()&amp#27;[0m
14:52:43.940 [main] DEBUG net.thucydides.core.steps.StepInterceptor -- STARTING STEP: CartSteps.receiveLimitCartWitInvalidhRequestParam - I receive limit result cart with invalid request param
14:52:43.941 [main] DEBUG net.thucydides.core.steps.StepInterceptor -- STEP DONE: I receive limit result cart with invalid request param
  &amp#27;[32mAnd &amp#27;[0m&amp#27;[32mI receive limit result cart with invalid request param&amp#27;[0m         &amp#27;[90m# starter.stepdefinition.CartSteps.receiveLimitCartWitInvalidhRequestParam()&amp#27;[0m
14:52:43.943 [main] DEBUG net.thucydides.core.steps.StepInterceptor -- STARTING STEP: CartSteps.receiveInvalidLimitCartResponseCode404 - I receive invalid GET limit result cart response code 404
14:52:43.944 [main] DEBUG net.thucydides.core.steps.StepInterceptor -- STEP DONE: I receive invalid GET limit result cart response code 404
  &amp#27;[32mThen &amp#27;[0m&amp#27;[32mI receive invalid GET limit result cart response code 404&amp#27;[0m     &amp#27;[90m# starter.stepdefinition.CartSteps.receiveInvalidLimitCartResponseCode404()&amp#27;[0m
14:52:43.946 [main] INFO  -- 
  _____   ___   ___   _____     ___     _     ___   ___   ___   ___  
 |_   _| | __| / __| |_   _|   | _ \   /_\   / __| / __| | __| |   \ 
   | |   | _|  \__ \   | |     |  _/  / _ \  \__ \ \__ \ | _|  | |) |
   |_|   |___| |___/   |_|     |_|   /_/ \_\ |___/ |___/ |___| |___/ 

[Negative] - CART_GET limit result cart with invalid param
----------------------------------------------------------------------
]]></system-out>
  </testcase>
  <testcase name="[Positive] - CART_GET sort result cart in descending with valid endpoint" classname="Cart" time="0.625">
    <system-out><![CDATA[
Scenario: [Positive] - CART_GET sort result cart in descending with valid endpoint &amp#27;[90m# src/test/resources/Cart.feature:37&amp#27;[0m
14:52:43.952 [main] INFO io.cucumber.core.plugin.SerenityReporter -- Running feature from file:///D:/SEMESTER%205/All%20Section/Section%203%20-%20Code%20Competence/Code%20Competence%20KM%20QA%202/Weekly2/src/test/resources/Cart.feature
14:52:43.952 [main] WARN io.cucumber.core.plugin.SerenityReporter -- Feature from file:///D:/SEMESTER%205/All%20Section/Section%203%20-%20Code%20Competence/Code%20Competence%20KM%20QA%202/Weekly2/src/test/resources/Cart.feature is not under the 'features' directory. Requirements report will not be correctly generated!
14:52:43.954 [main] INFO  -- 
  _____   ___   ___   _____     ___   _____     _     ___   _____   ___   ___  
 |_   _| | __| / __| |_   _|   / __| |_   _|   /_\   | _ \ |_   _| | __| |   \ 
   | |   | _|  \__ \   | |     \__ \   | |    / _ \  |   /   | |   | _|  | |) |
   |_|   |___| |___/   |_|     |___/   |_|   /_/ \_\ |_|_\   |_|   |___| |___/ 

[Positive] - CART_GET sort result cart in descending with valid endpoint(cart;[positive]---cart-get-sort-result-cart-in-descending-with-valid-endpoint)
--------------------------------------------------------------------------------
14:52:43.960 [main] DEBUG net.thucydides.core.steps.StepInterceptor -- STARTING STEP: CartSteps.getAPISortCartWithValidEndpoint - I GET API sort cart result with valid endpoint
14:52:43.960 [main] DEBUG net.thucydides.core.steps.StepInterceptor -- STEP DONE: I GET API sort cart result with valid endpoint
  &amp#27;[32mGiven &amp#27;[0m&amp#27;[32mI GET API sort cart result with valid endpoint&amp#27;[0m                             &amp#27;[90m# starter.stepdefinition.CartSteps.getAPISortCartWithValidEndpoint()&amp#27;[0m
14:52:43.962 [main] DEBUG net.thucydides.core.steps.StepInterceptor -- STARTING STEP: CartSteps.getHTTPValidRequestSortCart - I GET HTTP request sort cart with valid endpoint
14:52:43.963 [main] DEBUG net.thucydides.core.steps.StepInterceptor -- STARTING STEP: Cart.getHTTPValidRequestSortCart - I GET API sort cart result with valid endpoint
14:52:43.963 [main] DEBUG net.thucydides.core.steps.StepInterceptor -- STEP DONE: I GET API sort cart result with valid endpoint
14:52:43.973 [main] DEBUG org.apache.http.impl.conn.BasicClientConnectionManager -- Get connection for route {s}->https://fakestoreapi.com:443
14:52:43.973 [main] DEBUG org.apache.http.impl.conn.DefaultClientConnectionOperator -- Connecting to fakestoreapi.com:443
14:52:44.036 [main] DEBUG org.apache.http.client.protocol.RequestAddCookies -- CookieSpec selected: ignoreCookies
14:52:44.036 [main] DEBUG org.apache.http.client.protocol.RequestAuthCache -- Auth cache not set in the context
14:52:44.036 [main] DEBUG org.apache.http.client.protocol.RequestTargetAuthentication -- Target auth state: UNCHALLENGED
14:52:44.036 [main] DEBUG org.apache.http.client.protocol.RequestProxyAuthentication -- Proxy auth state: UNCHALLENGED
14:52:44.036 [main] DEBUG org.apache.http.impl.client.DefaultHttpClient -- Attempt 1 to execute request
14:52:44.036 [main] DEBUG org.apache.http.impl.conn.DefaultClientConnection -- Sending request: GET /carts?sort=desc HTTP/1.1
14:52:44.036 [main] DEBUG org.apache.http.wire --  >> "GET /carts?sort=desc HTTP/1.1[\r][\n]"
14:52:44.036 [main] DEBUG org.apache.http.wire --  >> "Accept: */*[\r][\n]"
14:52:44.036 [main] DEBUG org.apache.http.wire --  >> "Host: fakestoreapi.com[\r][\n]"
14:52:44.036 [main] DEBUG org.apache.http.wire --  >> "Connection: Keep-Alive[\r][\n]"
14:52:44.036 [main] DEBUG org.apache.http.wire --  >> "User-Agent: Apache-HttpClient/4.5.13 (Java/17.0.8)[\r][\n]"
14:52:44.036 [main] DEBUG org.apache.http.wire --  >> "Accept-Encoding: gzip,deflate[\r][\n]"
14:52:44.036 [main] DEBUG org.apache.http.wire --  >> "[\r][\n]"
14:52:44.036 [main] DEBUG org.apache.http.headers -- >> GET /carts?sort=desc HTTP/1.1
14:52:44.036 [main] DEBUG org.apache.http.headers -- >> Accept: */*
14:52:44.036 [main] DEBUG org.apache.http.headers -- >> Host: fakestoreapi.com
14:52:44.036 [main] DEBUG org.apache.http.headers -- >> Connection: Keep-Alive
14:52:44.036 [main] DEBUG org.apache.http.headers -- >> User-Agent: Apache-HttpClient/4.5.13 (Java/17.0.8)
14:52:44.037 [main] DEBUG org.apache.http.headers -- >> Accept-Encoding: gzip,deflate
14:52:44.564 [main] DEBUG org.apache.http.wire --  << "HTTP/1.1 200 OK[\r][\n]"
14:52:44.564 [main] DEBUG org.apache.http.wire --  << "Date: Fri, 06 Oct 2023 07:52:45 GMT[\r][\n]"
14:52:44.564 [main] DEBUG org.apache.http.wire --  << "Content-Type: application/json; charset=utf-8[\r][\n]"
14:52:44.564 [main] DEBUG org.apache.http.wire --  << "Transfer-Encoding: chunked[\r][\n]"
14:52:44.564 [main] DEBUG org.apache.http.wire --  << "Connection: keep-alive[\r][\n]"
14:52:44.564 [main] DEBUG org.apache.http.wire --  << "Access-Control-Allow-Origin: *[\r][\n]"
14:52:44.564 [main] DEBUG org.apache.http.wire --  << "Etag: W/"3a8-nb02RQT3OuKfcepxTeTynGjWm8Q"[\r][\n]"
14:52:44.564 [main] DEBUG org.apache.http.wire --  << "X-Powered-By: Express[\r][\n]"
14:52:44.564 [main] DEBUG org.apache.http.wire --  << "CF-Cache-Status: DYNAMIC[\r][\n]"
14:52:44.564 [main] DEBUG org.apache.http.wire --  << "Report-To: {"endpoints":[{"url":"https:\/\/a.nel.cloudflare.com\/report\/v3?s=wIoiDY6fwzgv5qpI9QH8whKyBoZt0bzUmWOuwynGhEPoKV%2FS1Ng9NfJ2H2aWcOIl%2B1GQrNpZ6XFW%2FHUDP8%2B0xUFXZdpRaCJF%2B%2FP2OqOVmkXQKU1edDsm1ySlnzA9oLIDnkWT"}],"group":"cf-nel","max_age":604800}[\r][\n]"
14:52:44.564 [main] DEBUG org.apache.http.wire --  << "NEL: {"success_fraction":0,"report_to":"cf-nel","max_age":604800}[\r][\n]"
14:52:44.564 [main] DEBUG org.apache.http.wire --  << "Server: cloudflare[\r][\n]"
14:52:44.564 [main] DEBUG org.apache.http.wire --  << "CF-RAY: 811c53a1dd7e6584-SIN[\r][\n]"
14:52:44.564 [main] DEBUG org.apache.http.wire --  << "Content-Encoding: gzip[\r][\n]"
14:52:44.564 [main] DEBUG org.apache.http.wire --  << "alt-svc: h3=":443"; ma=86400[\r][\n]"
14:52:44.564 [main] DEBUG org.apache.http.wire --  << "[\r][\n]"
[...]
14:53:09.467 [main] DEBUG net.thucydides.core.steps.StepInterceptor -- STEP DONE: I DELETE API user with valid id endpoints
14:53:09.470 [main] DEBUG org.apache.http.impl.conn.BasicClientConnectionManager -- Get connection for route {s}->https://fakestoreapi.com:443
14:53:09.470 [main] DEBUG org.apache.http.impl.conn.DefaultClientConnectionOperator -- Connecting to fakestoreapi.com:443
14:53:09.530 [main] DEBUG org.apache.http.client.protocol.RequestAddCookies -- CookieSpec selected: ignoreCookies
14:53:09.530 [main] DEBUG org.apache.http.client.protocol.RequestAuthCache -- Auth cache not set in the context
14:53:09.530 [main] DEBUG org.apache.http.client.protocol.RequestTargetAuthentication -- Target auth state: UNCHALLENGED
14:53:09.530 [main] DEBUG org.apache.http.client.protocol.RequestProxyAuthentication -- Proxy auth state: UNCHALLENGED
14:53:09.530 [main] DEBUG org.apache.http.impl.client.DefaultHttpClient -- Attempt 1 to execute request
14:53:09.530 [main] DEBUG org.apache.http.impl.conn.DefaultClientConnection -- Sending request: DELETE /users/6 HTTP/1.1
14:53:09.530 [main] DEBUG org.apache.http.wire --  >> "DELETE /users/6 HTTP/1.1[\r][\n]"
14:53:09.530 [main] DEBUG org.apache.http.wire --  >> "Accept: */*[\r][\n]"
14:53:09.530 [main] DEBUG org.apache.http.wire --  >> "Host: fakestoreapi.com[\r][\n]"
14:53:09.530 [main] DEBUG org.apache.http.wire --  >> "Connection: Keep-Alive[\r][\n]"
14:53:09.530 [main] DEBUG org.apache.http.wire --  >> "User-Agent: Apache-HttpClient/4.5.13 (Java/17.0.8)[\r][\n]"
14:53:09.530 [main] DEBUG org.apache.http.wire --  >> "Accept-Encoding: gzip,deflate[\r][\n]"
14:53:09.530 [main] DEBUG org.apache.http.wire --  >> "[\r][\n]"
14:53:09.530 [main] DEBUG org.apache.http.headers -- >> DELETE /users/6 HTTP/1.1
14:53:09.530 [main] DEBUG org.apache.http.headers -- >> Accept: */*
14:53:09.530 [main] DEBUG org.apache.http.headers -- >> Host: fakestoreapi.com
14:53:09.530 [main] DEBUG org.apache.http.headers -- >> Connection: Keep-Alive
14:53:09.530 [main] DEBUG org.apache.http.headers -- >> User-Agent: Apache-HttpClient/4.5.13 (Java/17.0.8)
14:53:09.530 [main] DEBUG org.apache.http.headers -- >> Accept-Encoding: gzip,deflate
14:53:10.379 [main] DEBUG org.apache.http.wire --  << "HTTP/1.1 200 OK[\r][\n]"
14:53:10.379 [main] DEBUG org.apache.http.wire --  << "Date: Fri, 06 Oct 2023 07:53:11 GMT[\r][\n]"
14:53:10.379 [main] DEBUG org.apache.http.wire --  << "Content-Type: application/json; charset=utf-8[\r][\n]"
14:53:10.379 [main] DEBUG org.apache.http.wire --  << "Transfer-Encoding: chunked[\r][\n]"
14:53:10.379 [main] DEBUG org.apache.http.wire --  << "Connection: keep-alive[\r][\n]"
14:53:10.379 [main] DEBUG org.apache.http.wire --  << "Access-Control-Allow-Origin: *[\r][\n]"
14:53:10.379 [main] DEBUG org.apache.http.wire --  << "Etag: W/"12c-qh6raI/EWS3a5DDlu8tTdvjmcN0"[\r][\n]"
14:53:10.379 [main] DEBUG org.apache.http.wire --  << "X-Powered-By: Express[\r][\n]"
14:53:10.379 [main] DEBUG org.apache.http.wire --  << "CF-Cache-Status: DYNAMIC[\r][\n]"
14:53:10.379 [main] DEBUG org.apache.http.wire --  << "Report-To: {"endpoints":[{"url":"https:\/\/a.nel.cloudflare.com\/report\/v3?s=Ye7%2BXCMKWBSt1hgVZxALUkpiqO9%2BsJZlebvExOJOem5fHn%2FPr7EdlXQw9jwyMRSH129bYtHjs7he9La%2FoFqTJmbSGbuKzagIRAmpJu%2BYaF4YEUUT%2FI9aF4CO7ph3SSDJSteW"}],"group":"cf-nel","max_age":604800}[\r][\n]"
14:53:10.379 [main] DEBUG org.apache.http.wire --  << "NEL: {"success_fraction":0,"report_to":"cf-nel","max_age":604800}[\r][\n]"
14:53:10.379 [main] DEBUG org.apache.http.wire --  << "Server: cloudflare[\r][\n]"
14:53:10.379 [main] DEBUG org.apache.http.wire --  << "CF-RAY: 811c544139c3a3ef-SIN[\r][\n]"
14:53:10.379 [main] DEBUG org.apache.http.wire --  << "Content-Encoding: gzip[\r][\n]"
14:53:10.379 [main] DEBUG org.apache.http.wire --  << "alt-svc: h3=":443"; ma=86400[\r][\n]"
14:53:10.379 [main] DEBUG org.apache.http.wire --  << "[\r][\n]"
14:53:10.379 [main] DEBUG org.apache.http.impl.conn.DefaultClientConnection -- Receiving response: HTTP/1.1 200 OK
14:53:10.379 [main] DEBUG org.apache.http.headers -- << HTTP/1.1 200 OK
14:53:10.379 [main] DEBUG org.apache.http.headers -- << Date: Fri, 06 Oct 2023 07:53:11 GMT
14:53:10.379 [main] DEBUG org.apache.http.headers -- << Content-Type: application/json; charset=utf-8
14:53:10.379 [main] DEBUG org.apache.http.headers -- << Transfer-Encoding: chunked
14:53:10.379 [main] DEBUG org.apache.http.headers -- << Connection: keep-alive
14:53:10.379 [main] DEBUG org.apache.http.headers -- << Access-Control-Allow-Origin: *
14:53:10.379 [main] DEBUG org.apache.http.headers -- << Etag: W/"12c-qh6raI/EWS3a5DDlu8tTdvjmcN0"
14:53:10.379 [main] DEBUG org.apache.http.headers -- << X-Powered-By: Express
14:53:10.379 [main] DEBUG org.apache.http.headers -- << CF-Cache-Status: DYNAMIC
14:53:10.379 [main] DEBUG org.apache.http.headers -- << Report-To: {"endpoints":[{"url":"https:\/\/a.nel.cloudflare.com\/report\/v3?s=Ye7%2BXCMKWBSt1hgVZxALUkpiqO9%2BsJZlebvExOJOem5fHn%2FPr7EdlXQw9jwyMRSH129bYtHjs7he9La%2FoFqTJmbSGbuKzagIRAmpJu%2BYaF4YEUUT%2FI9aF4CO7ph3SSDJSteW"}],"group":"cf-nel","max_age":604800}
14:53:10.379 [main] DEBUG org.apache.http.headers -- << NEL: {"success_fraction":0,"report_to":"cf-nel","max_age":604800}
14:53:10.379 [main] DEBUG org.apache.http.headers -- << Server: cloudflare
14:53:10.379 [main] DEBUG org.apache.http.headers -- << CF-RAY: 811c544139c3a3ef-SIN
14:53:10.379 [main] DEBUG org.apache.http.headers -- << Content-Encoding: gzip
14:53:10.379 [main] DEBUG org.apache.http.headers -- << alt-svc: h3=":443"; ma=86400
14:53:10.379 [main] DEBUG org.apache.http.impl.client.DefaultHttpClient -- Connection can be kept alive indefinitely
14:53:10.379 [main] DEBUG io.restassured.internal.RestAssuredHttpBuilder -- Parsing response as: application/json; charset=utf-8
14:53:10.379 [main] DEBUG org.apache.http.wire --  << "e9[\r][\n]"
14:53:10.379 [main] DEBUG org.apache.http.wire --  << "[0x1f][0x8b][0x8][0x0][0x0][0x0][0x0][0x0][0x0][0x3]L[0x8f][0xcd]n[0xc4] [0xc][0x84]_e5[0xbd]U$[0xca][0xf]!YN[0xfb]&[0x11][\r]n[0x8a]D[0x2][0xc2]d[0xab]6[0xda]w[0xaf][0xd8]C[0xdb][0xe3][0x8c][0xe7][0xf3][0xd8]'[0x8c][0xb5][0x89][0x98][0xa1]O[0xac][0x14]|XLva/[0xd2][0x9b][0xc][0x8d][0xae][0xa9][5[0x8e][0x10][0xf0]a_[0xa1]Q[0xb5]M[0xad][0xc6][0xe9][0x8a][0x87][0xc0][0xe2][0xf2][0x17]4[0xc8]_[0xa2][0xe1][0x0][0x1][0xce][0x89][0xa8]`1[0x5][0x8e][0xb4][0xe4][0xb]g[0x8][0xec][0xc7][0xf6]F[0x9][0xba][0xed][0xa4][0xc0][0xb7][0x8b]K[0xb0][0x4][0x8d][0xb6][0xeb][0xa5][0xaa][0x1a]9[0xa8][0xb2][0xcc]Yh%@[0x9b]q[0x1e][0x1a][0xd6][0xdc][0x9d][0x9d][0xd3]m-[0xba]^[0xc2][0x6][0x81][0x83])[0xed]f[0xa3][0xbf]1[0x4][0xa2]a[0xfe][0xc][0xc9]B[0xa3][0x97][0xe3][0xf4][0xfa]2[0xc8]R[0xf9][0x8c][0x9d]xw[0x89][0xf3][0xa6]|b~[0xad]t0[0x93][0xf7][0xa5]?~[0x84][0xfd]yU[0xa5][0xc6][0xa9][0xea][0xe5]P][0xa7]AA`[0x9e][0xef][0xd0][0xcd][0xe3][0x7][0x0][0x0][0xff][0xff][0x3][0x0]I/*[0x8c],[0x1][0x0][0x0]"
14:53:10.379 [main] DEBUG org.apache.http.wire --  << "[\r][\n]"
14:53:10.379 [main] DEBUG org.apache.http.wire --  << "0[\r][\n]"
14:53:10.379 [main] DEBUG org.apache.http.wire --  << "[\r][\n]"
14:53:10.379 [main] DEBUG io.restassured.internal.RestAssuredHttpBuilder -- Parsed data to instance of: class org.apache.http.conn.EofSensorInputStream
14:53:10.380 [main] DEBUG org.apache.http.impl.conn.BasicClientConnectionManager -- Releasing connection org.apache.http.impl.conn.ManagedClientConnectionImpl@63c78e5e
14:53:10.380 [main] DEBUG org.apache.http.impl.conn.BasicClientConnectionManager -- Connection can be kept alive indefinitely
14:53:10.380 [main] DEBUG net.thucydides.core.steps.StepInterceptor -- STEP DONE: I DELETE user HTTP request with valid id
  &amp#27;[32mWhen &amp#27;[0m&amp#27;[32mI DELETE user HTTP request with valid id&amp#27;[0m                &amp#27;[90m# starter.stepdefinition.UserSteps.deleteUserValidRequest()&amp#27;[0m
14:53:10.382 [main] DEBUG net.thucydides.core.steps.StepInterceptor -- STARTING STEP: UserSteps.receiveValidDELETEresponseCode200 - I receive valid DELETE user response code 200
14:53:10.383 [main] DEBUG net.thucydides.core.steps.StepInterceptor -- STEP DONE: I receive valid DELETE user response code 200
  &amp#27;[32mAnd &amp#27;[0m&amp#27;[32mI receive valid DELETE user response code 200&amp#27;[0m            &amp#27;[90m# starter.stepdefinition.UserSteps.receiveValidDELETEresponseCode200()&amp#27;[0m
14:53:10.383 [main] INFO  -- 
  _____   ___   ___   _____     ___     _     ___   ___   ___   ___  
 |_   _| | __| / __| |_   _|   | _ \   /_\   / __| / __| | __| |   \ 
   | |   | _|  \__ \   | |     |  _/  / _ \  \__ \ \__ \ | _|  | |) |
   |_|   |___| |___/   |_|     |_|   /_/ \_\ |___/ |___/ |___| |___/ 

[Positive] - USER_DELETE existing user with valid id
----------------------------------------------------------------------
]]></system-out>
  </testcase>
  <testcase name="[Negative] - USER_DELETE existing user with invalid id" classname="User" time="0.79">
    <system-out><![CDATA[14:53:10.392 [Finalizer] DEBUG org.apache.http.impl.conn.DefaultClientConnection -- Connection 0.0.0.0:51025<->104.21.87.105:443 closed
14:53:10.392 [Finalizer] DEBUG org.apache.http.impl.conn.DefaultClientConnection -- Connection 0.0.0.0:51024<->104.21.87.105:443 closed

Scenario: [Negative] - USER_DELETE existing user with invalid id &amp#27;[90m# src/test/resources/User.feature:76&amp#27;[0m
14:53:10.393 [main] INFO io.cucumber.core.plugin.SerenityReporter -- Running feature from file:///D:/SEMESTER%205/All%20Section/Section%203%20-%20Code%20Competence/Code%20Competence%20KM%20QA%202/Weekly2/src/test/resources/User.feature
14:53:10.393 [main] WARN io.cucumber.core.plugin.SerenityReporter -- Feature from file:///D:/SEMESTER%205/All%20Section/Section%203%20-%20Code%20Competence/Code%20Competence%20KM%20QA%202/Weekly2/src/test/resources/User.feature is not under the 'features' directory. Requirements report will not be correctly generated!
14:53:10.394 [main] INFO  -- 
  _____   ___   ___   _____     ___   _____     _     ___   _____   ___   ___  
 |_   _| | __| / __| |_   _|   / __| |_   _|   /_\   | _ \ |_   _| | __| |   \ 
   | |   | _|  \__ \   | |     \__ \   | |    / _ \  |   /   | |   | _|  | |) |
   |_|   |___| |___/   |_|     |___/   |_|   /_/ \_\ |_|_\   |_|   |___| |___/ 

[Negative] - USER_DELETE existing user with invalid id(user;[negative]---user-delete-existing-user-with-invalid-id)
--------------------------------------------------------------------------------
14:53:10.397 [main] DEBUG net.thucydides.core.steps.StepInterceptor -- STARTING STEP: UserSteps.setDeleteUserInvalidEndpoint - I DELETE API user with invalid id endpoints
14:53:10.397 [main] DEBUG net.thucydides.core.steps.StepInterceptor -- STEP DONE: I DELETE API user with invalid id endpoints
  &amp#27;[32mGiven &amp#27;[0m&amp#27;[32mI DELETE API user with invalid id endpoints&amp#27;[0m              &amp#27;[90m# starter.stepdefinition.UserSteps.setDeleteUserInvalidEndpoint()&amp#27;[0m
14:53:10.398 [main] DEBUG net.thucydides.core.steps.StepInterceptor -- STARTING STEP: UserSteps.deleteUserInvalidRequest - I DELETE user HTTP request with invalid id
14:53:10.398 [main] DEBUG net.thucydides.core.steps.StepInterceptor -- STARTING STEP: User.deleteUserInvalidRequest - I DELETE API user with invalid id endpoints
14:53:10.398 [main] DEBUG net.thucydides.core.steps.StepInterceptor -- STEP DONE: I DELETE API user with invalid id endpoints
14:53:10.401 [main] DEBUG org.apache.http.impl.conn.BasicClientConnectionManager -- Get connection for route {s}->https://fakestoreapi.com:443
14:53:10.401 [main] DEBUG org.apache.http.impl.conn.DefaultClientConnectionOperator -- Connecting to fakestoreapi.com:443
14:53:10.465 [main] DEBUG org.apache.http.client.protocol.RequestAddCookies -- CookieSpec selected: ignoreCookies
14:53:10.465 [main] DEBUG org.apache.http.client.protocol.RequestAuthCache -- Auth cache not set in the context
14:53:10.465 [main] DEBUG org.apache.http.client.protocol.RequestTargetAuthentication -- Target auth state: UNCHALLENGED
14:53:10.465 [main] DEBUG org.apache.http.client.protocol.RequestProxyAuthentication -- Proxy auth state: UNCHALLENGED
14:53:10.465 [main] DEBUG org.apache.http.impl.client.DefaultHttpClient -- Attempt 1 to execute request
14:53:10.465 [main] DEBUG org.apache.http.impl.conn.DefaultClientConnection -- Sending request: DELETE /user/11 HTTP/1.1
14:53:10.465 [main] DEBUG org.apache.http.wire --  >> "DELETE /user/11 HTTP/1.1[\r][\n]"
14:53:10.465 [main] DEBUG org.apache.http.wire --  >> "Accept: */*[\r][\n]"
14:53:10.465 [main] DEBUG org.apache.http.wire --  >> "Host: fakestoreapi.com[\r][\n]"
14:53:10.465 [main] DEBUG org.apache.http.wire --  >> "Connection: Keep-Alive[\r][\n]"
14:53:10.465 [main] DEBUG org.apache.http.wire --  >> "User-Agent: Apache-HttpClient/4.5.13 (Java/17.0.8)[\r][\n]"
14:53:10.465 [main] DEBUG org.apache.http.wire --  >> "Accept-Encoding: gzip,deflate[\r][\n]"
14:53:10.465 [main] DEBUG org.apache.http.wire --  >> "[\r][\n]"
14:53:10.465 [main] DEBUG org.apache.http.headers -- >> DELETE /user/11 HTTP/1.1
14:53:10.465 [main] DEBUG org.apache.http.headers -- >> Accept: */*
14:53:10.465 [main] DEBUG org.apache.http.headers -- >> Host: fakestoreapi.com
14:53:10.465 [main] DEBUG org.apache.http.headers -- >> Connection: Keep-Alive
14:53:10.465 [main] DEBUG org.apache.http.headers -- >> User-Agent: Apache-HttpClient/4.5.13 (Java/17.0.8)
14:53:10.465 [main] DEBUG org.apache.http.headers -- >> Accept-Encoding: gzip,deflate
14:53:11.170 [main] DEBUG org.apache.http.wire --  << "HTTP/1.1 404 Not Found[\r][\n]"
14:53:11.170 [main] DEBUG org.apache.http.wire --  << "Date: Fri, 06 Oct 2023 07:53:12 GMT[\r][\n]"
14:53:11.170 [main] DEBUG org.apache.http.wire --  << "Content-Type: text/html; charset=utf-8[\r][\n]"
14:53:11.170 [main] DEBUG org.apache.http.wire --  << "Transfer-Encoding: chunked[\r][\n]"
14:53:11.170 [main] DEBUG org.apache.http.wire --  << "Connection: keep-alive[\r][\n]"
14:53:11.170 [main] DEBUG org.apache.http.wire --  << "Access-Control-Allow-Origin: *[\r][\n]"
14:53:11.170 [main] DEBUG org.apache.http.wire --  << "Content-Security-Policy: default-src 'none'[\r][\n]"
14:53:11.170 [main] DEBUG org.apache.http.wire --  << "X-Content-Type-Options: nosniff[\r][\n]"
14:53:11.170 [main] DEBUG org.apache.http.wire --  << "X-Powered-By: Express[\r][\n]"
14:53:11.170 [main] DEBUG org.apache.http.wire --  << "CF-Cache-Status: DYNAMIC[\r][\n]"
14:53:11.170 [main] DEBUG org.apache.http.wire --  << "Report-To: {"endpoints":[{"url":"https:\/\/a.nel.cloudflare.com\/report\/v3?s=bMbl8q05XbvwffUaE4rrArxJ2TLIcVha1ne8Agg3l56OL7vaV68B5ZnTs1v4CLvDpA0C9wJUQaJHplqz8Iqi1je4JhO13wRfHmHEGmURc%2BeHw1PV0nYOtevOPGmfzwhxjrdw"}],"group":"cf-nel","max_age":604800}[\r][\n]"
14:53:11.170 [main] DEBUG org.apache.http.wire --  << "NEL: {"success_fraction":0,"report_to":"cf-nel","max_age":604800}[\r][\n]"
14:53:11.170 [main] DEBUG org.apache.http.wire --  << "Server: cloudflare[\r][\n]"
14:53:11.170 [main] DEBUG org.apache.http.wire --  << "CF-RAY: 811c544718e63fe0-SIN[\r][\n]"
14:53:11.170 [main] DEBUG org.apache.http.wire --  << "Content-Encoding: gzip[\r][\n]"
14:53:11.170 [main] DEBUG org.apache.http.wire --  << "alt-svc: h3=":443"; ma=86400[\r][\n]"
14:53:11.170 [main] DEBUG org.apache.http.wire --  << "[\r][\n]"
14:53:11.170 [main] DEBUG org.apache.http.impl.conn.DefaultClientConnection -- Receiving response: HTTP/1.1 404 Not Found
14:53:11.170 [main] DEBUG org.apache.http.headers -- << HTTP/1.1 404 Not Found
14:53:11.170 [main] DEBUG org.apache.http.headers -- << Date: Fri, 06 Oct 2023 07:53:12 GMT
14:53:11.170 [main] DEBUG org.apache.http.headers -- << Content-Type: text/html; charset=utf-8
14:53:11.170 [main] DEBUG org.apache.http.headers -- << Transfer-Encoding: chunked
14:53:11.170 [main] DEBUG org.apache.http.headers -- << Connection: keep-alive
14:53:11.170 [main] DEBUG org.apache.http.headers -- << Access-Control-Allow-Origin: *
14:53:11.170 [main] DEBUG org.apache.http.headers -- << Content-Security-Policy: default-src 'none'
14:53:11.170 [main] DEBUG org.apache.http.headers -- << X-Content-Type-Options: nosniff
14:53:11.170 [main] DEBUG org.apache.http.headers -- << X-Powered-By: Express
14:53:11.170 [main] DEBUG org.apache.http.headers -- << CF-Cache-Status: DYNAMIC
14:53:11.170 [main] DEBUG org.apache.http.headers -- << Report-To: {"endpoints":[{"url":"https:\/\/a.nel.cloudflare.com\/report\/v3?s=bMbl8q05XbvwffUaE4rrArxJ2TLIcVha1ne8Agg3l56OL7vaV68B5ZnTs1v4CLvDpA0C9wJUQaJHplqz8Iqi1je4JhO13wRfHmHEGmURc%2BeHw1PV0nYOtevOPGmfzwhxjrdw"}],"group":"cf-nel","max_age":604800}
14:53:11.170 [main] DEBUG org.apache.http.headers -- << NEL: {"success_fraction":0,"report_to":"cf-nel","max_age":604800}
14:53:11.170 [main] DEBUG org.apache.http.headers -- << Server: cloudflare
14:53:11.170 [main] DEBUG org.apache.http.headers -- << CF-RAY: 811c544718e63fe0-SIN
14:53:11.170 [main] DEBUG org.apache.http.headers -- << Content-Encoding: gzip
14:53:11.170 [main] DEBUG org.apache.http.headers -- << alt-svc: h3=":443"; ma=86400
14:53:11.170 [main] DEBUG org.apache.http.impl.client.DefaultHttpClient -- Connection can be kept alive indefinitely
14:53:11.170 [main] DEBUG io.restassured.internal.RestAssuredHttpBuilder -- Parsing response as: text/html; charset=utf-8
14:53:11.170 [main] DEBUG org.apache.http.wire --  << "93[\r][\n]"
14:53:11.170 [main] DEBUG org.apache.http.wire --  << "[0x1f][0x8b][0x8][0x0][0x0][0x0][0x0][0x0][0x0][0x3],[0x8e][0xb1][0xe][0xc2]0[0xc]D[0xf7]|[0x85][0xc9][0x8e][0xac]n[0xc]n[0x96]6[0x1b][0x12][0xc]][0x18][\r]5[0x14])M*[0xd7][0x1d][0xf8]{[0x14][0xe8]t[0xba]{w[0xd2][0xd1][0xa1][0xbf]t[0xc3][0xed][0x1a]a[0xb2]9[0x5]GU q~[0xb5]^[0xb2][0xaf][0x81][0xf0][0x18][0x1c][0xcd]b[0xc][0x8f][0x89]u[0x15]k[0xfd]f[0xcf][0xe3][0xa9]R{[[0x92][0x10]U[0x8b][0x12][0xfe][0x8d]#[0xdc]7[0xf7]2~[0x82][0xa3]E%t[0x9c]s1[0xe8][0xe3]9[0xe][0x11]p[E[0xb1]i[0x8]+s[0x84]{[0x13]'[0xbe][0x0][0x0][0x0][0xff][0xff][0xe3][0x2][0x0][0x91]s[0x1b]~[0x95][0x0][0x0][0x0]"
14:53:11.170 [main] DEBUG org.apache.http.wire --  << "[\r][\n]"
14:53:11.170 [main] DEBUG org.apache.http.wire --  << "0[\r][\n]"
14:53:11.170 [main] DEBUG org.apache.http.wire --  << "[\r][\n]"
14:53:11.170 [main] DEBUG io.restassured.internal.RestAssuredHttpBuilder -- Parsed data to instance of: class org.apache.http.conn.EofSensorInputStream
14:53:11.171 [main] DEBUG org.apache.http.impl.conn.BasicClientConnectionManager -- Releasing connection org.apache.http.impl.conn.ManagedClientConnectionImpl@58fcb07b
14:53:11.171 [main] DEBUG org.apache.http.impl.conn.BasicClientConnectionManager -- Connection can be kept alive indefinitely
14:53:11.172 [main] DEBUG net.thucydides.core.steps.StepInterceptor -- STEP DONE: I DELETE user HTTP request with invalid id
  &amp#27;[32mWhen &amp#27;[0m&amp#27;[32mI DELETE user HTTP request with invalid id&amp#27;[0m                &amp#27;[90m# starter.stepdefinition.UserSteps.deleteUserInvalidRequest()&amp#27;[0m
14:53:11.173 [main] DEBUG net.thucydides.core.steps.StepInterceptor -- STARTING STEP: UserSteps.receiveInvalidDELETEresponseCode404 - I receive invalid DELETE user response code 404
14:53:11.173 [main] DEBUG net.thucydides.core.steps.StepInterceptor -- STEP DONE: I receive invalid DELETE user response code 404
  &amp#27;[32mAnd &amp#27;[0m&amp#27;[32mI receive invalid DELETE user response code 404&amp#27;[0m            &amp#27;[90m# starter.stepdefinition.UserSteps.receiveInvalidDELETEresponseCode404()&amp#27;[0m
14:53:11.174 [main] INFO  -- 
  _____   ___   ___   _____     ___     _     ___   ___   ___   ___  
 |_   _| | __| / __| |_   _|   | _ \   /_\   / __| / __| | __| |   \ 
   | |   | _|  \__ \   | |     |  _/  / _ \  \__ \ \__ \ | _|  | |) |
   |_|   |___| |___/   |_|     |_|   /_/ \_\ |___/ |___/ |___| |___/ 

[Negative] - USER_DELETE existing user with invalid id
----------------------------------------------------------------------
]]></system-out>
  </testcase>
</testsuite>