<?xml version="1.0" encoding="UTF-8" standalone="no"?><testsuite errors="0" failures="0" name="Product" skipped="0" tests="18" time="10.21" timestamp="2023-10-06 02:52:51"><testcase name="[Positive] - PRODUCT_GET all detail data product"/><testcase name="[Negative] - PRODUCT_GET all detail data product with invalid url"/><testcase name="[Positive] - PRODUCT_GET a single product with valid endpoint"/><testcase name="[Negative] - PRODUCT_GET a single product with invalid endpoint"/><testcase name="[Positive] - PRODUCT_GET limit result product with valid param"/><testcase name="[Negative] - PRODUCT_GET limit result product with invalid param"/><testcase name="[Positive] - PRODUCT_GET sort result product in descending with valid endpoint"/><testcase name="[Negative] - PRODUCT_GET sort result product in descending with invalid endpoint"/><testcase name="[Positive] - PRODUCT_GET all categories product with valid endpoints"/><testcase name="[Negative] - PRODUCT_GET all categories product with invalid endpoint"/><testcase name="[Positive] - PRODUCT_GET in category product with valid endpoint"/><testcase name="[Negative] - PRODUCT_GET in category product with invalid endpoint"/><testcase name="[Positive] - PRODUCT_POST new product with valid data"/><testcase name="[Negative] - PRODUCT_POST new product with invalid data"/><testcase name="[Positive] - PRODUCT_PUT existing product with valid endpoints"/><testcase name="[Negative] - PRODUCT_PUT existing product with invalid endpoints"/><testcase name="[Positive] - PRODUCT_DELETE existing product with valid id"/><testcase name="[Negative] - PRODUCT_DELETE existing cart with invalid id"/></testsuite>