<?xml version="1.0" encoding="UTF-8" standalone="no"?><testsuite errors="0" failures="0" name="User" skipped="0" tests="14" time="8.84" timestamp="2023-10-06 02:53:02"><testcase name="[Positive] - USER_ GET all detail data user with valid url"/><testcase name="[Negative] - USER_GET all detail data cart with invalid url"/><testcase name="[Positive] - USER_GET a single user with valid endpoints"/><testcase name="[Negative] - USER_GET a single user with invalid endpoints"/><testcase name="[Positive] - USER_GET limit result with valid param"/><testcase name="[Negative] - USER_GET limit result with invalid param"/><testcase name="[Positive] - USER_GET sort result user in descending with valid endpoint"/><testcase name="[Negative] - USER_GET sort result user in descending with invalid endpoint"/><testcase name="[Positive] - USER_POST new product with valid data"/><testcase name="[Negative] - USER_POST new product with invalid data"/><testcase name="[Positive] - USER_PUT existing user with valid endpoints"/><testcase name="[Negative] - USER_PUT existing user with invalid endpoints"/><testcase name="[Positive] - USER_DELETE existing user with valid id"/><testcase name="[Negative] - USER_DELETE existing user with invalid id"/></testsuite>